2026-06-07 15:32:30.155: [INFO] VisibilityChanged: 0
2026-06-07 15:32:30.186: [INFO] RecordSyncInitDuration has_sync_been_enabled: 0 state: 0
2026-06-07 15:32:30.188: [INFO] RecordSyncInitDuration has_sync_been_enabled: 0 state: 0
2026-06-07 15:32:30.190: [INFO] RecordSyncInitDuration has_sync_been_enabled: 0 state: 0
2026-06-07 15:32:30.192: [INFO] RecordSyncInitDuration has_sync_been_enabled: 0 state: 0
2026-06-07 15:32:30.194: [INFO] RecordSyncInitDuration has_sync_been_enabled: 0 state: 0
2026-06-07 15:32:30.196: [INFO] RecordSyncInitDuration has_sync_been_enabled: 0 state: 0
2026-06-07 15:32:30.197: [INFO] RecordSyncInitDuration has_sync_been_enabled: 0 state: 0
2026-06-07 15:32:30.199: [INFO] RecordSyncInitDuration has_sync_been_enabled: 0 state: 0
2026-06-07 15:32:30.201: [INFO] RecordSyncInitDuration has_sync_been_enabled: 0 state: 0
2026-06-07 15:32:30.203: [INFO] RecordSyncInitDuration has_sync_been_enabled: 0 state: 0
2026-06-07 15:32:30.205: [INFO] RecordSyncInitDuration has_sync_been_enabled: 0 state: 0
2026-06-07 15:32:30.216: [INFO] BookmarkModelLoaded, ids_reassigned: 0
2026-06-07 15:32:30.216: [INFO] OnDoneLoading sync enabled: 0
2026-06-07 15:32:30.269: [INFO] RecordSyncInitDuration has_sync_been_enabled: 0 state: 0
2026-06-07 15:32:31.975: [INFO] RecordSyncInitDuration has_sync_been_enabled: 0 state: 0
2026-06-07 15:32:31.978: [INFO] RecordSyncInitDuration has_sync_been_enabled: 0 state: 3
2026-06-07 15:32:31.980: [INFO] Primary account changed.
2026-06-07 15:32:31.980: [INFO] OnPrimaryAccountChanged PrimaryAccountChangeEvent::Type::kSet
2026-06-07 15:32:31.984: [INFO] RecordSyncInitDuration has_sync_been_enabled: 0 state: 3
2026-06-07 15:32:31.996: [INFO] RecordSyncInitDuration has_sync_been_enabled: 0 state: 3
2026-06-07 15:32:35.867: [INFO] BookmarkNodeAdded, ABU: 0
2026-06-07 15:32:35.867: [INFO] BookmarkNodeAdded, ABU: 0
2026-06-07 15:32:41.205: [INFO] Sync initialization duration: 9150ms
2026-06-07 15:36:43.198: [INFO] VisibilityChanged: 0
2026-06-07 15:36:43.240: [INFO] BookmarkModelLoaded, ids_reassigned: 0
2026-06-07 15:36:43.240: [INFO] OnDoneLoading sync enabled: 1
2026-06-07 15:36:48.438: [INFO] Sync initialization duration: 1226ms
