{"logTime": "0607/153233", "correlationVector":"UmRZ8MwqOCkNVBXimSB8CF.1","action":"SyncServerConnectionManagerRequest", "result":"SYNC_SERVER_OK", "context":{"environment":"Prod_southeastasia_prod-s01-064-apac-southeastasia", "migrationStage":"NotStarted", "server":"akswtt001000022"}}
{"logTime": "0607/153233", "correlationVector":"UmRZ8MwqOCkNVBXimSB8CF.2","action":"ProcessGetUpdates", "result":"Done", "context":{"dataType":"Encryption Keys", "deleted":"0", "process_failed_to_decrypt":"0", "process_pending_decryption":"0", "process_success":"1", "total":"1"}}
{"logTime": "0607/153234", "correlationVector":"qpyjCIME7qO+UziUkYNATY","action":"SyncServerConnectionManagerRequest", "result":"SYNC_SERVER_OK", "context":{"environment":"", "migrationStage":"", "server":""}}
{"logTime": "0607/153234", "correlationVector":"qpyjCIME7qO+UziUkYNATY.0","action":"EncryptionKeysFetcher.DownloadKeys:", "result":"Success", "context":Key count: 2, Last key timestamp: 2026-01-31T17:24:42Z}
{"logTime": "0607/153234", "correlationVector":"qpyjCIME7qO+UziUkYNATY.1","action":"EncryptionKeysManager::SetEncryptionKeys:", "result":"Success", "context":Key names[2]:[QQDWc9yjXMPMplHXR+alS2/75qcPFkFbuCqcC4VWKju2CWJWfX9a8iXdLboAwdli3uEmmTCrhI9iCMwJxmfgrA==][NiO/RqdAJQs+lTb80Qo76At3ZnuVo8nBNujX8NKHr8y6EsiLntF/241y4taKc3aNhDT2aFz9qwQEMnHy+DaDww==]}
{"logTime": "0607/153234", "correlationVector":"qpyjCIME7qO+UziUkYNATY.2","action":"EncryptionKeysManager::SetEncryptionKeysWithTimestamps:", "result":"Success", "context":Key timestamps[2]:[2025-08-03T22:38:40Z][2026-01-31T17:24:42Z]}
{"logTime": "0607/153234", "correlationVector":"UmRZ8MwqOCkNVBXimSB8CF","action":"Initial GetUpdates", "result":"", "context":Reason: NEW_CLIENT. cV=UmRZ8MwqOCkNVBXimSB8CF}
{"logTime": "0607/153234", "correlationVector":"UmRZ8MwqOCkNVBXimSB8CF.3","action":"GetUpdates Response", "result":"Success", "context":Received 1 update(s). cV=UmRZ8MwqOCkNVBXimSB8CF.0;server=akswtt001000022;cloudType=Consumer;environment=Prod_southeastasia_prod-s01-064-apac-southeastasia;migrationStage=NotStarted}
{"logTime": "0607/153234", "correlationVector":"gCtl1o7PkBM4nUHn4orYMq","action":"Initial GetUpdates", "result":"", "context":Reason: NEWLY_SUPPORTED_DATATYPE. cV=gCtl1o7PkBM4nUHn4orYMq}
{"logTime": "0607/153235", "correlationVector":"gCtl1o7PkBM4nUHn4orYMq.1","action":"SyncServerConnectionManagerRequest", "result":"SYNC_SERVER_OK", "context":{"environment":"Prod_southeastasia_prod-s01-064-apac-southeastasia", "migrationStage":"NotStarted", "server":"akswtt00100000m"}}
{"logTime": "0607/153235", "correlationVector":"gCtl1o7PkBM4nUHn4orYMq.2","action":"ProcessGetUpdates", "result":"Done", "context":{"dataType":"Preferences", "deleted":"0", "process_failed_to_decrypt":"0", "process_pending_decryption":"0", "process_success":"67", "total":"67"}}
{"logTime": "0607/153235", "correlationVector":"gCtl1o7PkBM4nUHn4orYMq.3","action":"ProcessGetUpdates", "result":"Done", "context":{"dataType":"Passwords", "deleted":"2", "process_failed_to_decrypt":"0", "process_pending_decryption":"0", "process_success":"51", "total":"51"}}
{"logTime": "0607/153235", "correlationVector":"gCtl1o7PkBM4nUHn4orYMq.4","action":"ProcessGetUpdates", "result":"Done", "context":{"dataType":"Device Info", "deleted":"0", "process_failed_to_decrypt":"0", "process_pending_decryption":"0", "process_success":"15", "total":"15"}}
{"logTime": "0607/153235", "correlationVector":"gCtl1o7PkBM4nUHn4orYMq.5","action":"GetUpdates Response", "result":"Success", "context":Received 133 update(s). cV=gCtl1o7PkBM4nUHn4orYMq.0;server=akswtt00100000m;cloudType=Consumer;environment=Prod_southeastasia_prod-s01-064-apac-southeastasia;migrationStage=NotStarted}
{"logTime": "0607/153235", "correlationVector":"BQtF95zhDsAOm9tn9K1kcU","action":"Initial GetUpdates", "result":"", "context":Reason: NEWLY_SUPPORTED_DATATYPE. cV=BQtF95zhDsAOm9tn9K1kcU}
{"logTime": "0607/153235", "correlationVector":"BQtF95zhDsAOm9tn9K1kcU.1","action":"SyncServerConnectionManagerRequest", "result":"SYNC_SERVER_OK", "context":{"environment":"Prod_southeastasia_prod-s01-064-apac-southeastasia", "migrationStage":"NotStarted", "server":"akswtt001000016"}}
{"logTime": "0607/153235", "correlationVector":"BQtF95zhDsAOm9tn9K1kcU.2","action":"ProcessGetUpdates", "result":"Done", "context":{"dataType":"Bookmarks", "deleted":"0", "process_failed_to_decrypt":"0", "process_pending_decryption":"0", "process_success":"8", "total":"8"}}
{"logTime": "0607/153235", "correlationVector":"BQtF95zhDsAOm9tn9K1kcU.3","action":"GetUpdates Response", "result":"Success", "context":Received 8 update(s). cV=BQtF95zhDsAOm9tn9K1kcU.0;server=akswtt001000016;cloudType=Consumer;environment=Prod_southeastasia_prod-s01-064-apac-southeastasia;migrationStage=NotStarted}
{"logTime": "0607/153235", "correlationVector":"7QQJVdGRF5vWriaV750jok","action":"Initial GetUpdates", "result":"", "context":Reason: NEWLY_SUPPORTED_DATATYPE. cV=7QQJVdGRF5vWriaV750jok}
{"logTime": "0607/153236", "correlationVector":"7QQJVdGRF5vWriaV750jok.1","action":"SyncServerConnectionManagerRequest", "result":"SYNC_SERVER_OK", "context":{"environment":"Prod_southeastasia_prod-s01-064-apac-southeastasia", "migrationStage":"NotStarted", "server":"akswtt00100001q"}}
{"logTime": "0607/153236", "correlationVector":"7QQJVdGRF5vWriaV750jok.2","action":"ProcessGetUpdates", "result":"Done", "context":{"dataType":"Autofill Profiles", "deleted":"0", "process_failed_to_decrypt":"0", "process_pending_decryption":"0", "process_success":"5", "total":"5"}}
{"logTime": "0607/153236", "correlationVector":"7QQJVdGRF5vWriaV750jok.3","action":"ProcessGetUpdates", "result":"Done", "context":{"dataType":"Autofill", "deleted":"0", "process_failed_to_decrypt":"0", "process_pending_decryption":"0", "process_success":"227", "total":"227"}}
{"logTime": "0607/153236", "correlationVector":"7QQJVdGRF5vWriaV750jok.4","action":"ProcessGetUpdates", "result":"Done", "context":{"dataType":"Extensions", "deleted":"0", "process_failed_to_decrypt":"0", "process_pending_decryption":"0", "process_success":"2", "total":"2"}}
{"logTime": "0607/153236", "correlationVector":"7QQJVdGRF5vWriaV750jok.5","action":"ProcessGetUpdates", "result":"Done", "context":{"dataType":"Extension settings", "deleted":"0", "process_failed_to_decrypt":"0", "process_pending_decryption":"0", "process_success":"6", "total":"6"}}
{"logTime": "0607/153236", "correlationVector":"7QQJVdGRF5vWriaV750jok.6","action":"ProcessGetUpdates", "result":"Done", "context":{"dataType":"Saved Tab Group", "deleted":"10", "process_failed_to_decrypt":"0", "process_pending_decryption":"0", "process_success":"10", "total":"10"}}
{"logTime": "0607/153236", "correlationVector":"7QQJVdGRF5vWriaV750jok.7","action":"GetUpdates Response", "result":"Success", "context":Received 250 update(s). cV=7QQJVdGRF5vWriaV750jok.0;server=akswtt00100001q;cloudType=Consumer;environment=Prod_southeastasia_prod-s01-064-apac-southeastasia;migrationStage=NotStarted Some updates remain.}
{"logTime": "0607/153236", "correlationVector":"l1T0C9qB7C8Zz158yrS5Nw","action":"Initial GetUpdates", "result":"", "context":Reason: NEWLY_SUPPORTED_DATATYPE. cV=l1T0C9qB7C8Zz158yrS5Nw}
{"logTime": "0607/153237", "correlationVector":"l1T0C9qB7C8Zz158yrS5Nw.1","action":"SyncServerConnectionManagerRequest", "result":"SYNC_SERVER_OK", "context":{"environment":"Prod_southeastasia_prod-s01-064-apac-southeastasia", "migrationStage":"NotStarted", "server":"akswtt00100000m"}}
{"logTime": "0607/153237", "correlationVector":"l1T0C9qB7C8Zz158yrS5Nw.2","action":"ProcessGetUpdates", "result":"Done", "context":{"dataType":"Autofill", "deleted":"0", "process_failed_to_decrypt":"0", "process_pending_decryption":"0", "process_success":"80", "total":"80"}}
{"logTime": "0607/153237", "correlationVector":"l1T0C9qB7C8Zz158yrS5Nw.3","action":"ProcessGetUpdates", "result":"Done", "context":{"dataType":"Sessions", "deleted":"169", "process_failed_to_decrypt":"0", "process_pending_decryption":"0", "process_success":"169", "total":"169"}}
{"logTime": "0607/153237", "correlationVector":"l1T0C9qB7C8Zz158yrS5Nw.4","action":"ProcessGetUpdates", "result":"Done", "context":{"dataType":"Edge Hub App Usage", "deleted":"0", "process_failed_to_decrypt":"0", "process_pending_decryption":"0", "process_success":"1", "total":"1"}}
{"logTime": "0607/153237", "correlationVector":"l1T0C9qB7C8Zz158yrS5Nw.5","action":"GetUpdates Response", "result":"Success", "context":Received 250 update(s). cV=l1T0C9qB7C8Zz158yrS5Nw.0;server=akswtt00100000m;cloudType=Consumer;environment=Prod_southeastasia_prod-s01-064-apac-southeastasia;migrationStage=NotStarted Some updates remain.}
{"logTime": "0607/153237", "correlationVector":"j43+/khQhpLCIiE9cT32Z7","action":"Initial GetUpdates", "result":"", "context":Reason: NEWLY_SUPPORTED_DATATYPE. cV=j43+/khQhpLCIiE9cT32Z7}
{"logTime": "0607/153238", "correlationVector":"j43+/khQhpLCIiE9cT32Z7.1","action":"SyncServerConnectionManagerRequest", "result":"SYNC_SERVER_OK", "context":{"environment":"Prod_southeastasia_prod-s01-064-apac-southeastasia", "migrationStage":"NotStarted", "server":"akswtt00100001q"}}
{"logTime": "0607/153238", "correlationVector":"j43+/khQhpLCIiE9cT32Z7.2","action":"ProcessGetUpdates", "result":"Done", "context":{"dataType":"Autofill", "deleted":"0", "process_failed_to_decrypt":"0", "process_pending_decryption":"0", "process_success":"69", "total":"69"}}
{"logTime": "0607/153238", "correlationVector":"j43+/khQhpLCIiE9cT32Z7.3","action":"ProcessGetUpdates", "result":"Done", "context":{"dataType":"Sessions", "deleted":"180", "process_failed_to_decrypt":"0", "process_pending_decryption":"0", "process_success":"180", "total":"180"}}
{"logTime": "0607/153238", "correlationVector":"j43+/khQhpLCIiE9cT32Z7.4","action":"ProcessGetUpdates", "result":"Done", "context":{"dataType":"Edge Hub App Usage", "deleted":"1", "process_failed_to_decrypt":"0", "process_pending_decryption":"0", "process_success":"1", "total":"1"}}
{"logTime": "0607/153238", "correlationVector":"j43+/khQhpLCIiE9cT32Z7.5","action":"GetUpdates Response", "result":"Success", "context":Received 250 update(s). cV=j43+/khQhpLCIiE9cT32Z7.0;server=akswtt00100001q;cloudType=Consumer;environment=Prod_southeastasia_prod-s01-064-apac-southeastasia;migrationStage=NotStarted Some updates remain.}
{"logTime": "0607/153238", "correlationVector":"sX4rq9OhDRJtEnYEUHYngt","action":"Initial GetUpdates", "result":"", "context":Reason: NEWLY_SUPPORTED_DATATYPE. cV=sX4rq9OhDRJtEnYEUHYngt}
{"logTime": "0607/153238", "correlationVector":"sX4rq9OhDRJtEnYEUHYngt.1","action":"SyncServerConnectionManagerRequest", "result":"SYNC_SERVER_OK", "context":{"environment":"Prod_southeastasia_prod-s01-064-apac-southeastasia", "migrationStage":"NotStarted", "server":"akswtt00100001j"}}
{"logTime": "0607/153238", "correlationVector":"sX4rq9OhDRJtEnYEUHYngt.2","action":"ProcessGetUpdates", "result":"Done", "context":{"dataType":"Autofill Profiles", "deleted":"0", "process_failed_to_decrypt":"0", "process_pending_decryption":"0", "process_success":"1", "total":"1"}}
{"logTime": "0607/153238", "correlationVector":"sX4rq9OhDRJtEnYEUHYngt.3","action":"ProcessGetUpdates", "result":"Done", "context":{"dataType":"Autofill", "deleted":"0", "process_failed_to_decrypt":"0", "process_pending_decryption":"0", "process_success":"114", "total":"114"}}
{"logTime": "0607/153238", "correlationVector":"sX4rq9OhDRJtEnYEUHYngt.4","action":"ProcessGetUpdates", "result":"Done", "context":{"dataType":"Sessions", "deleted":"135", "process_failed_to_decrypt":"0", "process_pending_decryption":"0", "process_success":"135", "total":"135"}}
{"logTime": "0607/153238", "correlationVector":"sX4rq9OhDRJtEnYEUHYngt.5","action":"GetUpdates Response", "result":"Success", "context":Received 250 update(s). cV=sX4rq9OhDRJtEnYEUHYngt.0;server=akswtt00100001j;cloudType=Consumer;environment=Prod_southeastasia_prod-s01-064-apac-southeastasia;migrationStage=NotStarted Some updates remain.}
{"logTime": "0607/153238", "correlationVector":"kWOMuaHfiN3M9tzY+cp33E","action":"Initial GetUpdates", "result":"", "context":Reason: NEWLY_SUPPORTED_DATATYPE. cV=kWOMuaHfiN3M9tzY+cp33E}
{"logTime": "0607/153239", "correlationVector":"kWOMuaHfiN3M9tzY+cp33E.1","action":"SyncServerConnectionManagerRequest", "result":"SYNC_SERVER_OK", "context":{"environment":"Prod_southeastasia_prod-s01-064-apac-southeastasia", "migrationStage":"NotStarted", "server":"akswtt001000016"}}
{"logTime": "0607/153239", "correlationVector":"kWOMuaHfiN3M9tzY+cp33E.2","action":"ProcessGetUpdates", "result":"Done", "context":{"dataType":"Autofill Profiles", "deleted":"0", "process_failed_to_decrypt":"0", "process_pending_decryption":"0", "process_success":"1", "total":"1"}}
{"logTime": "0607/153239", "correlationVector":"kWOMuaHfiN3M9tzY+cp33E.3","action":"ProcessGetUpdates", "result":"Done", "context":{"dataType":"Autofill", "deleted":"0", "process_failed_to_decrypt":"0", "process_pending_decryption":"0", "process_success":"28", "total":"28"}}
{"logTime": "0607/153239", "correlationVector":"kWOMuaHfiN3M9tzY+cp33E.4","action":"ProcessGetUpdates", "result":"Done", "context":{"dataType":"Sessions", "deleted":"221", "process_failed_to_decrypt":"0", "process_pending_decryption":"0", "process_success":"221", "total":"221"}}
{"logTime": "0607/153239", "correlationVector":"kWOMuaHfiN3M9tzY+cp33E.5","action":"GetUpdates Response", "result":"Success", "context":Received 250 update(s). cV=kWOMuaHfiN3M9tzY+cp33E.0;server=akswtt001000016;cloudType=Consumer;environment=Prod_southeastasia_prod-s01-064-apac-southeastasia;migrationStage=NotStarted Some updates remain.}
{"logTime": "0607/153239", "correlationVector":"QumT21LlXvjylMh5YdzQxr","action":"Initial GetUpdates", "result":"", "context":Reason: NEWLY_SUPPORTED_DATATYPE. cV=QumT21LlXvjylMh5YdzQxr}
{"logTime": "0607/153240", "correlationVector":"QumT21LlXvjylMh5YdzQxr.1","action":"SyncServerConnectionManagerRequest", "result":"SYNC_SERVER_OK", "context":{"environment":"Prod_southeastasia_prod-s01-064-apac-southeastasia", "migrationStage":"NotStarted", "server":"akswtt00100000m"}}
{"logTime": "0607/153240", "correlationVector":"QumT21LlXvjylMh5YdzQxr.2","action":"ProcessGetUpdates", "result":"Done", "context":{"dataType":"Autofill", "deleted":"0", "process_failed_to_decrypt":"0", "process_pending_decryption":"0", "process_success":"21", "total":"21"}}
{"logTime": "0607/153240", "correlationVector":"QumT21LlXvjylMh5YdzQxr.3","action":"ProcessGetUpdates", "result":"Done", "context":{"dataType":"Sessions", "deleted":"227", "process_failed_to_decrypt":"0", "process_pending_decryption":"0", "process_success":"227", "total":"227"}}
{"logTime": "0607/153240", "correlationVector":"QumT21LlXvjylMh5YdzQxr.4","action":"ProcessGetUpdates", "result":"Done", "context":{"dataType":"Edge Hub App Usage", "deleted":"1", "process_failed_to_decrypt":"0", "process_pending_decryption":"0", "process_success":"2", "total":"2"}}
{"logTime": "0607/153240", "correlationVector":"QumT21LlXvjylMh5YdzQxr.5","action":"GetUpdates Response", "result":"Success", "context":Received 250 update(s). cV=QumT21LlXvjylMh5YdzQxr.0;server=akswtt00100000m;cloudType=Consumer;environment=Prod_southeastasia_prod-s01-064-apac-southeastasia;migrationStage=NotStarted Some updates remain.}
{"logTime": "0607/153240", "correlationVector":"EG6ABbArlxsZsB9exurPQ7","action":"Initial GetUpdates", "result":"", "context":Reason: NEWLY_SUPPORTED_DATATYPE. cV=EG6ABbArlxsZsB9exurPQ7}
{"logTime": "0607/153240", "correlationVector":"EG6ABbArlxsZsB9exurPQ7.1","action":"SyncServerConnectionManagerRequest", "result":"SYNC_SERVER_OK", "context":{"environment":"Prod_southeastasia_prod-s01-064-apac-southeastasia", "migrationStage":"NotStarted", "server":"akswtt00100001q"}}
{"logTime": "0607/153240", "correlationVector":"EG6ABbArlxsZsB9exurPQ7.2","action":"ProcessGetUpdates", "result":"Done", "context":{"dataType":"Autofill Profiles", "deleted":"0", "process_failed_to_decrypt":"0", "process_pending_decryption":"0", "process_success":"3", "total":"3"}}
{"logTime": "0607/153240", "correlationVector":"EG6ABbArlxsZsB9exurPQ7.3","action":"ProcessGetUpdates", "result":"Done", "context":{"dataType":"Autofill", "deleted":"0", "process_failed_to_decrypt":"0", "process_pending_decryption":"0", "process_success":"13", "total":"13"}}
{"logTime": "0607/153240", "correlationVector":"EG6ABbArlxsZsB9exurPQ7.4","action":"ProcessGetUpdates", "result":"Done", "context":{"dataType":"Extensions", "deleted":"0", "process_failed_to_decrypt":"0", "process_pending_decryption":"0", "process_success":"2", "total":"2"}}
{"logTime": "0607/153240", "correlationVector":"EG6ABbArlxsZsB9exurPQ7.5","action":"ProcessGetUpdates", "result":"Done", "context":{"dataType":"Sessions", "deleted":"222", "process_failed_to_decrypt":"0", "process_pending_decryption":"0", "process_success":"223", "total":"223"}}
{"logTime": "0607/153240", "correlationVector":"EG6ABbArlxsZsB9exurPQ7.6","action":"ProcessGetUpdates", "result":"Done", "context":{"dataType":"Edge Hub App Usage", "deleted":"8", "process_failed_to_decrypt":"0", "process_pending_decryption":"0", "process_success":"9", "total":"9"}}
{"logTime": "0607/153240", "correlationVector":"EG6ABbArlxsZsB9exurPQ7.7","action":"GetUpdates Response", "result":"Success", "context":Received 250 update(s). cV=EG6ABbArlxsZsB9exurPQ7.0;server=akswtt00100001q;cloudType=Consumer;environment=Prod_southeastasia_prod-s01-064-apac-southeastasia;migrationStage=NotStarted Some updates remain.}
{"logTime": "0607/153240", "correlationVector":"gKrhW0HTMjLKCqKbBzxGIk","action":"Initial GetUpdates", "result":"", "context":Reason: NEWLY_SUPPORTED_DATATYPE. cV=gKrhW0HTMjLKCqKbBzxGIk}
{"logTime": "0607/153241", "correlationVector":"gKrhW0HTMjLKCqKbBzxGIk.1","action":"SyncServerConnectionManagerRequest", "result":"SYNC_SERVER_OK", "context":{"environment":"Prod_southeastasia_prod-s01-064-apac-southeastasia", "migrationStage":"NotStarted", "server":"akswtt00100000e"}}
{"logTime": "0607/153241", "correlationVector":"gKrhW0HTMjLKCqKbBzxGIk.2","action":"ProcessGetUpdates", "result":"Done", "context":{"dataType":"Sessions", "deleted":"28", "process_failed_to_decrypt":"0", "process_pending_decryption":"0", "process_success":"38", "total":"38"}}
{"logTime": "0607/153241", "correlationVector":"gKrhW0HTMjLKCqKbBzxGIk.3","action":"ProcessGetUpdates", "result":"Done", "context":{"dataType":"Extension settings", "deleted":"0", "process_failed_to_decrypt":"0", "process_pending_decryption":"0", "process_success":"1", "total":"1"}}
{"logTime": "0607/153241", "correlationVector":"gKrhW0HTMjLKCqKbBzxGIk.4","action":"GetUpdates Response", "result":"Success", "context":Received 39 update(s). cV=gKrhW0HTMjLKCqKbBzxGIk.0;server=akswtt00100000e;cloudType=Consumer;environment=Prod_southeastasia_prod-s01-064-apac-southeastasia;migrationStage=NotStarted}
{"logTime": "0607/153241", "correlationVector":"WiJoWtlSNnJ881O+wUhkBq","action":"Initial GetUpdates", "result":"", "context":Reason: NEWLY_SUPPORTED_DATATYPE. cV=WiJoWtlSNnJ881O+wUhkBq}
{"logTime": "0607/153242", "correlationVector":"WiJoWtlSNnJ881O+wUhkBq.1","action":"SyncServerConnectionManagerRequest", "result":"SYNC_SERVER_OK", "context":{"environment":"Prod_southeastasia_prod-s01-064-apac-southeastasia", "migrationStage":"NotStarted", "server":"akswtt00100001q"}}
{"logTime": "0607/153242", "correlationVector":"WiJoWtlSNnJ881O+wUhkBq.2","action":"ProcessGetUpdates", "result":"Done", "context":{"dataType":"History", "deleted":"0", "process_failed_to_decrypt":"0", "process_pending_decryption":"0", "process_success":"250", "total":"250"}}
{"logTime": "0607/153242", "correlationVector":"WiJoWtlSNnJ881O+wUhkBq.3","action":"GetUpdates Response", "result":"Success", "context":Received 250 update(s). cV=WiJoWtlSNnJ881O+wUhkBq.0;server=akswtt00100001q;cloudType=Consumer;environment=Prod_southeastasia_prod-s01-064-apac-southeastasia;migrationStage=NotStarted Some updates remain.}
{"logTime": "0607/153242", "correlationVector":"lnvzn15mD7m7AsYRGDVyAn","action":"Initial GetUpdates", "result":"", "context":Reason: NEWLY_SUPPORTED_DATATYPE. cV=lnvzn15mD7m7AsYRGDVyAn}
{"logTime": "0607/153242", "correlationVector":"lnvzn15mD7m7AsYRGDVyAn.1","action":"SyncServerConnectionManagerRequest", "result":"SYNC_SERVER_OK", "context":{"environment":"Prod_southeastasia_prod-s01-064-apac-southeastasia", "migrationStage":"NotStarted", "server":"akswtt00100001x"}}
{"logTime": "0607/153242", "correlationVector":"lnvzn15mD7m7AsYRGDVyAn.2","action":"ProcessGetUpdates", "result":"Done", "context":{"dataType":"History", "deleted":"0", "process_failed_to_decrypt":"0", "process_pending_decryption":"0", "process_success":"250", "total":"250"}}
{"logTime": "0607/153242", "correlationVector":"lnvzn15mD7m7AsYRGDVyAn.3","action":"GetUpdates Response", "result":"Success", "context":Received 250 update(s). cV=lnvzn15mD7m7AsYRGDVyAn.0;server=akswtt00100001x;cloudType=Consumer;environment=Prod_southeastasia_prod-s01-064-apac-southeastasia;migrationStage=NotStarted Some updates remain.}
{"logTime": "0607/153242", "correlationVector":"wtazbGPLhh+pQIuwoqevyh","action":"Initial GetUpdates", "result":"", "context":Reason: NEWLY_SUPPORTED_DATATYPE. cV=wtazbGPLhh+pQIuwoqevyh}
{"logTime": "0607/153244", "correlationVector":"wtazbGPLhh+pQIuwoqevyh.1","action":"SyncServerConnectionManagerRequest", "result":"SYNC_SERVER_OK", "context":{"environment":"Prod_southeastasia_prod-s01-064-apac-southeastasia", "migrationStage":"NotStarted", "server":"akswtt00100001q"}}
{"logTime": "0607/153244", "correlationVector":"wtazbGPLhh+pQIuwoqevyh.2","action":"ProcessGetUpdates", "result":"Done", "context":{"dataType":"History", "deleted":"0", "process_failed_to_decrypt":"0", "process_pending_decryption":"0", "process_success":"250", "total":"250"}}
{"logTime": "0607/153244", "correlationVector":"wtazbGPLhh+pQIuwoqevyh.3","action":"GetUpdates Response", "result":"Success", "context":Received 250 update(s). cV=wtazbGPLhh+pQIuwoqevyh.0;server=akswtt00100001q;cloudType=Consumer;environment=Prod_southeastasia_prod-s01-064-apac-southeastasia;migrationStage=NotStarted Some updates remain.}
{"logTime": "0607/153244", "correlationVector":"7ursWkhxNLX4r4vnHwF/i2","action":"Initial GetUpdates", "result":"", "context":Reason: NEWLY_SUPPORTED_DATATYPE. cV=7ursWkhxNLX4r4vnHwF/i2}
{"logTime": "0607/153245", "correlationVector":"7ursWkhxNLX4r4vnHwF/i2.1","action":"SyncServerConnectionManagerRequest", "result":"SYNC_SERVER_OK", "context":{"environment":"Prod_southeastasia_prod-s01-064-apac-southeastasia", "migrationStage":"NotStarted", "server":"akswtt00100001q"}}
{"logTime": "0607/153245", "correlationVector":"7ursWkhxNLX4r4vnHwF/i2.2","action":"ProcessGetUpdates", "result":"Done", "context":{"dataType":"History", "deleted":"0", "process_failed_to_decrypt":"0", "process_pending_decryption":"0", "process_success":"250", "total":"250"}}
{"logTime": "0607/153245", "correlationVector":"7ursWkhxNLX4r4vnHwF/i2.3","action":"GetUpdates Response", "result":"Success", "context":Received 250 update(s). cV=7ursWkhxNLX4r4vnHwF/i2.0;server=akswtt00100001q;cloudType=Consumer;environment=Prod_southeastasia_prod-s01-064-apac-southeastasia;migrationStage=NotStarted Some updates remain.}
{"logTime": "0607/153245", "correlationVector":"EqMAbUI/83PTXsisWydqGi","action":"Initial GetUpdates", "result":"", "context":Reason: NEWLY_SUPPORTED_DATATYPE. cV=EqMAbUI/83PTXsisWydqGi}
{"logTime": "0607/153246", "correlationVector":"EqMAbUI/83PTXsisWydqGi.1","action":"SyncServerConnectionManagerRequest", "result":"SYNC_SERVER_OK", "context":{"environment":"Prod_southeastasia_prod-s01-064-apac-southeastasia", "migrationStage":"NotStarted", "server":"akswtt00100000m"}}
{"logTime": "0607/153246", "correlationVector":"EqMAbUI/83PTXsisWydqGi.2","action":"ProcessGetUpdates", "result":"Done", "context":{"dataType":"History", "deleted":"0", "process_failed_to_decrypt":"0", "process_pending_decryption":"0", "process_success":"250", "total":"250"}}
{"logTime": "0607/153246", "correlationVector":"EqMAbUI/83PTXsisWydqGi.3","action":"GetUpdates Response", "result":"Success", "context":Received 250 update(s). cV=EqMAbUI/83PTXsisWydqGi.0;server=akswtt00100000m;cloudType=Consumer;environment=Prod_southeastasia_prod-s01-064-apac-southeastasia;migrationStage=NotStarted Some updates remain.}
{"logTime": "0607/153246", "correlationVector":"QiUMHabUm3d7r6d9G0gIMW","action":"Initial GetUpdates", "result":"", "context":Reason: NEWLY_SUPPORTED_DATATYPE. cV=QiUMHabUm3d7r6d9G0gIMW}
{"logTime": "0607/153246", "correlationVector":"QiUMHabUm3d7r6d9G0gIMW.1","action":"SyncServerConnectionManagerRequest", "result":"SYNC_SERVER_OK", "context":{"environment":"Prod_southeastasia_prod-s01-064-apac-southeastasia", "migrationStage":"NotStarted", "server":"akswtt00100001v"}}
{"logTime": "0607/153246", "correlationVector":"QiUMHabUm3d7r6d9G0gIMW.2","action":"ProcessGetUpdates", "result":"Done", "context":{"dataType":"History", "deleted":"0", "process_failed_to_decrypt":"0", "process_pending_decryption":"0", "process_success":"250", "total":"250"}}
{"logTime": "0607/153246", "correlationVector":"QiUMHabUm3d7r6d9G0gIMW.3","action":"GetUpdates Response", "result":"Success", "context":Received 250 update(s). cV=QiUMHabUm3d7r6d9G0gIMW.0;server=akswtt00100001v;cloudType=Consumer;environment=Prod_southeastasia_prod-s01-064-apac-southeastasia;migrationStage=NotStarted Some updates remain.}
{"logTime": "0607/153246", "correlationVector":"i2uQPhbCG+GTYz69jAvR7U","action":"Initial GetUpdates", "result":"", "context":Reason: NEWLY_SUPPORTED_DATATYPE. cV=i2uQPhbCG+GTYz69jAvR7U}
{"logTime": "0607/153247", "correlationVector":"i2uQPhbCG+GTYz69jAvR7U.1","action":"SyncServerConnectionManagerRequest", "result":"SYNC_SERVER_OK", "context":{"environment":"Prod_southeastasia_prod-s01-064-apac-southeastasia", "migrationStage":"NotStarted", "server":"akswtt001000001"}}
{"logTime": "0607/153247", "correlationVector":"i2uQPhbCG+GTYz69jAvR7U.2","action":"ProcessGetUpdates", "result":"Done", "context":{"dataType":"History", "deleted":"0", "process_failed_to_decrypt":"0", "process_pending_decryption":"0", "process_success":"46", "total":"46"}}
{"logTime": "0607/153247", "correlationVector":"i2uQPhbCG+GTYz69jAvR7U.3","action":"GetUpdates Response", "result":"Success", "context":Received 46 update(s). cV=i2uQPhbCG+GTYz69jAvR7U.0;server=akswtt001000001;cloudType=Consumer;environment=Prod_southeastasia_prod-s01-064-apac-southeastasia;migrationStage=NotStarted}
{"logTime": "0607/153247", "correlationVector":"1f44qTXyEY8IeFz7OlyzlX","action":"Normal GetUpdate request", "result":"", "context":cV=1f44qTXyEY8IeFz7OlyzlX
Nudged types: Preferences, Passwords, Sessions, Device Info, User Consents
Refresh requested types: Bookmarks, Preferences, Passwords, Autofill Profiles, Autofill, Extensions, Sessions, Extension settings, History Delete Directives, Device Info, User Consents, Send Tab To Self, Web Apps, History, Saved Tab Group, WebAuthn Credentials, Edge E Drop, Edge Hub App Usage, Edge Wallet, Edge Workspace, Encryption Keys}
{"logTime": "0607/153247", "correlationVector":"1f44qTXyEY8IeFz7OlyzlX.1","action":"SyncServerConnectionManagerRequest", "result":"SYNC_SERVER_OK", "context":{"environment":"Prod_southeastasia_prod-s01-064-apac-southeastasia", "migrationStage":"NotStarted", "server":"akswtt00100000m"}}
{"logTime": "0607/153247", "correlationVector":"1f44qTXyEY8IeFz7OlyzlX.2","action":"GetUpdates Response", "result":"Success", "context":Received 0 update(s). cV=1f44qTXyEY8IeFz7OlyzlX.0;server=akswtt00100000m;cloudType=Consumer;environment=Prod_southeastasia_prod-s01-064-apac-southeastasia;migrationStage=NotStarted}
{"logTime": "0607/153247", "correlationVector":"PCikwwRUDy0hDAQiKBK81/","action":"Commit Request", "result":"", "context":Item count: 26
Contributing types: Preferences, Passwords, Sessions, Device Info, User Consents}
{"logTime": "0607/153249", "correlationVector":"PCikwwRUDy0hDAQiKBK81/.1","action":"SyncServerConnectionManagerRequest", "result":"SYNC_SERVER_OK", "context":{"environment":"Prod_southeastasia_prod-s01-064-apac-southeastasia", "migrationStage":"NotStarted", "server":"akswtt00100001q"}}
{"logTime": "0607/153249", "correlationVector":"PCikwwRUDy0hDAQiKBK81/.2","action":"Commit Response", "result":"Success", "context":Result: Success. cV=PCikwwRUDy0hDAQiKBK81/.0;server=akswtt00100001q;cloudType=Consumer;environment=Prod_southeastasia_prod-s01-064-apac-southeastasia;migrationStage=NotStarted}
{"logTime": "0607/153251", "correlationVector":"3Hto3o365Id3x5QvqJqEcS","action":"Normal GetUpdate request", "result":"", "context":cV=3Hto3o365Id3x5QvqJqEcS
Notified types: History}
{"logTime": "0607/153252", "correlationVector":"3Hto3o365Id3x5QvqJqEcS.1","action":"SyncServerConnectionManagerRequest", "result":"SYNC_SERVER_OK", "context":{"environment":"Prod_southeastasia_prod-s01-064-apac-southeastasia", "migrationStage":"NotStarted", "server":"akswtt001000016"}}
{"logTime": "0607/153252", "correlationVector":"3Hto3o365Id3x5QvqJqEcS.2","action":"ProcessGetUpdates", "result":"Done", "context":{"dataType":"Preferences", "deleted":"0", "process_failed_to_decrypt":"0", "process_pending_decryption":"0", "process_success":"1", "total":"1"}}
{"logTime": "0607/153252", "correlationVector":"3Hto3o365Id3x5QvqJqEcS.3","action":"ProcessGetUpdates", "result":"Done", "context":{"dataType":"Passwords", "deleted":"0", "process_failed_to_decrypt":"0", "process_pending_decryption":"0", "process_success":"21", "total":"21"}}
{"logTime": "0607/153252", "correlationVector":"3Hto3o365Id3x5QvqJqEcS.4","action":"ProcessGetUpdates", "result":"Done", "context":{"dataType":"Sessions", "deleted":"0", "process_failed_to_decrypt":"0", "process_pending_decryption":"0", "process_success":"4", "total":"4"}}
{"logTime": "0607/153252", "correlationVector":"3Hto3o365Id3x5QvqJqEcS.5","action":"ProcessGetUpdates", "result":"Done", "context":{"dataType":"Device Info", "deleted":"0", "process_failed_to_decrypt":"0", "process_pending_decryption":"0", "process_success":"1", "total":"1"}}
{"logTime": "0607/153252", "correlationVector":"3Hto3o365Id3x5QvqJqEcS.6","action":"ProcessGetUpdates", "result":"Done", "context":{"dataType":"History", "deleted":"0", "process_failed_to_decrypt":"0", "process_pending_decryption":"0", "process_success":"3", "total":"3"}}
{"logTime": "0607/153252", "correlationVector":"3Hto3o365Id3x5QvqJqEcS.7","action":"GetUpdates Response", "result":"Success", "context":Received 30 update(s). cV=3Hto3o365Id3x5QvqJqEcS.0;server=akswtt001000016;cloudType=Consumer;environment=Prod_southeastasia_prod-s01-064-apac-southeastasia;migrationStage=NotStarted}
{"logTime": "0607/153252", "correlationVector":"euOIbT90MF+nb1kc+l7HqU","action":"DoCompareDataConsistency requsted types: ", "result":"Bookmarks, Preferences, Passwords, Extensions, Extension settings, History Delete Directives, Send Tab To Self, Web Apps, History, Saved Tab Group, WebAuthn Credentials, Edge E Drop, Edge Wallet, Edge Workspace, Encryption Keys"}
{"logTime": "0607/153252", "correlationVector":"euOIbT90MF+nb1kc+l7HqU.0","action":"CompareDataConsistency result: ", "result":"Compare result: Encryption Keys is consistent. local entities count is: 1 local entities hash is: XOaXrWMJZPeB5xv54QR7HUCpu2k="}
{"logTime": "0607/153252", "correlationVector":"euOIbT90MF+nb1kc+l7HqU.1","action":"CompareDataConsistency result: ", "result":"Compare result: Bookmarks is consistent. local entities count is: 2 local entities hash is: AGnhrg/ctjYa6mcPW2hz7w7oXtI="}
{"logTime": "0607/153252", "correlationVector":"euOIbT90MF+nb1kc+l7HqU.2","action":"CompareDataConsistency result: ", "result":"Compare result: Preferences is consistent. local entities count is: 67 local entities hash is: rH9ATNYfePHw5SKhFyfH91YFaI8="}
{"logTime": "0607/153252", "correlationVector":"euOIbT90MF+nb1kc+l7HqU.3","action":"CompareDataConsistency result: ", "result":"Compare result: Extensions is consistent. local entities count is: 4 local entities hash is: bg+Qq8RKlOAO9rCMjXg5wHeJTxw="}
{"logTime": "0607/153252", "correlationVector":"euOIbT90MF+nb1kc+l7HqU.4","action":"CompareDataConsistency result: ", "result":"Compare result: Extension settings is consistent. local entities count is: 7 local entities hash is: OW+QtlHRYwJnClQ3y+dyVLkFWb0="}
{"logTime": "0607/153252", "correlationVector":"euOIbT90MF+nb1kc+l7HqU.5","action":"CompareDataConsistency result: ", "result":"Compare result: History Delete Directives is consistent. local entities count is: 0 local entities hash is: "}
{"logTime": "0607/153252", "correlationVector":"euOIbT90MF+nb1kc+l7HqU.6","action":"CompareDataConsistency result: ", "result":"Server did not send this Send Tab To Self local entities count is: 0 local entities hash is: "}
{"logTime": "0607/153252", "correlationVector":"euOIbT90MF+nb1kc+l7HqU.7","action":"CompareDataConsistency result: ", "result":"Compare result: Web Apps is consistent. local entities count is: 0 local entities hash is: "}
{"logTime": "0607/153252", "correlationVector":"euOIbT90MF+nb1kc+l7HqU.8","action":"CompareDataConsistency result: ", "result":"Server did not send this History local entities count is: 0 local entities hash is: "}
{"logTime": "0607/153252", "correlationVector":"euOIbT90MF+nb1kc+l7HqU.9","action":"CompareDataConsistency result: ", "result":"Compare result: Saved Tab Group is consistent. local entities count is: 0 local entities hash is: "}
{"logTime": "0607/153252", "correlationVector":"euOIbT90MF+nb1kc+l7HqU.10","action":"CompareDataConsistency result: ", "result":"Server did not send this WebAuthn Credentials local entities count is: 0 local entities hash is: "}
{"logTime": "0607/153252", "correlationVector":"euOIbT90MF+nb1kc+l7HqU.11","action":"CompareDataConsistency result: ", "result":"Compare result: Edge E Drop is consistent. local entities count is: 0 local entities hash is: "}
{"logTime": "0607/153252", "correlationVector":"euOIbT90MF+nb1kc+l7HqU.12","action":"CompareDataConsistency result: ", "result":"Compare result: Edge Wallet is consistent. local entities count is: 0 local entities hash is: "}
{"logTime": "0607/153252", "correlationVector":"euOIbT90MF+nb1kc+l7HqU.13","action":"CompareDataConsistency result: ", "result":"Server did not send this Edge Workspace local entities count is: 0 local entities hash is: "}
{"logTime": "0607/153252", "correlationVector":"euOIbT90MF+nb1kc+l7HqU.14","action":"CompareDataConsistency result: ", "result":"Compare result: Passwords is consistent. local entities count is: 49 local entities hash is: rWdPF5MhDX+qPZNHfzNw3SdbIg0="}
{"logTime": "0607/153252", "correlationVector":"","action":"DIAGNOSTIC_REQUEST|v1/diagnosticData/Diagnostic.SendCheckResult()|SUCCESS", "result":""}
{"logTime": "0607/153330", "correlationVector":"SWuwCa0NA/zlSPo2akoliq","action":"Commit Request", "result":"", "context":Item count: 40
Contributing types: Passwords}
{"logTime": "0607/153333", "correlationVector":"SWuwCa0NA/zlSPo2akoliq.1","action":"SyncServerConnectionManagerRequest", "result":"SYNC_SERVER_OK", "context":{"environment":"Prod_southeastasia_prod-s01-064-apac-southeastasia", "migrationStage":"NotStarted", "server":"akswtt00100000e"}}
{"logTime": "0607/153333", "correlationVector":"SWuwCa0NA/zlSPo2akoliq.2","action":"Commit Response", "result":"Success", "context":Result: Success. cV=SWuwCa0NA/zlSPo2akoliq.0;server=akswtt00100000e;cloudType=Consumer;environment=Prod_southeastasia_prod-s01-064-apac-southeastasia;migrationStage=NotStarted}
{"logTime": "0607/153333", "correlationVector":"Jj5tpWHWXrzBnMC1ms4qT9","action":"Commit Request", "result":"", "context":Item count: 9
Contributing types: Passwords}
{"logTime": "0607/153333", "correlationVector":"Jj5tpWHWXrzBnMC1ms4qT9.1","action":"SyncServerConnectionManagerRequest", "result":"SYNC_SERVER_OK", "context":{"environment":"Prod_southeastasia_prod-s01-064-apac-southeastasia", "migrationStage":"NotStarted", "server":"akswtt001000022"}}
{"logTime": "0607/153333", "correlationVector":"Jj5tpWHWXrzBnMC1ms4qT9.2","action":"Commit Response", "result":"Success", "context":Result: Success. cV=Jj5tpWHWXrzBnMC1ms4qT9.0;server=akswtt001000022;cloudType=Consumer;environment=Prod_southeastasia_prod-s01-064-apac-southeastasia;migrationStage=NotStarted}
{"logTime": "0607/153335", "correlationVector":"dmNm3vjEw/evkTLj0ylWj4","action":"Normal GetUpdate request", "result":"", "context":cV=dmNm3vjEw/evkTLj0ylWj4
Notified types: History}
{"logTime": "0607/153335", "correlationVector":"dmNm3vjEw/evkTLj0ylWj4.1","action":"SyncServerConnectionManagerRequest", "result":"SYNC_SERVER_OK", "context":{"environment":"Prod_southeastasia_prod-s01-064-apac-southeastasia", "migrationStage":"NotStarted", "server":"akswtt00100001q"}}
{"logTime": "0607/153335", "correlationVector":"dmNm3vjEw/evkTLj0ylWj4.2","action":"ProcessGetUpdates", "result":"Done", "context":{"dataType":"Passwords", "deleted":"0", "process_failed_to_decrypt":"0", "process_pending_decryption":"0", "process_success":"49", "total":"49"}}
{"logTime": "0607/153335", "correlationVector":"dmNm3vjEw/evkTLj0ylWj4.3","action":"ProcessGetUpdates", "result":"Done", "context":{"dataType":"Sessions", "deleted":"0", "process_failed_to_decrypt":"0", "process_pending_decryption":"0", "process_success":"2", "total":"2"}}
{"logTime": "0607/153335", "correlationVector":"dmNm3vjEw/evkTLj0ylWj4.4","action":"ProcessGetUpdates", "result":"Done", "context":{"dataType":"History", "deleted":"0", "process_failed_to_decrypt":"0", "process_pending_decryption":"0", "process_success":"7", "total":"7"}}
{"logTime": "0607/153335", "correlationVector":"dmNm3vjEw/evkTLj0ylWj4.5","action":"GetUpdates Response", "result":"Success", "context":Received 58 update(s). cV=dmNm3vjEw/evkTLj0ylWj4.0;server=akswtt00100001q;cloudType=Consumer;environment=Prod_southeastasia_prod-s01-064-apac-southeastasia;migrationStage=NotStarted}
{"logTime": "0607/153501", "correlationVector":"7DGMEDbLBExRUsmHx0sKuQ","action":"Normal GetUpdate request", "result":"", "context":cV=7DGMEDbLBExRUsmHx0sKuQ
Notified types: History}
{"logTime": "0607/153501", "correlationVector":"7DGMEDbLBExRUsmHx0sKuQ.1","action":"SyncServerConnectionManagerRequest", "result":"SYNC_SERVER_OK", "context":{"environment":"Prod_southeastasia_prod-s01-064-apac-southeastasia", "migrationStage":"NotStarted", "server":"akswtt00100000s"}}
{"logTime": "0607/153501", "correlationVector":"7DGMEDbLBExRUsmHx0sKuQ.2","action":"ProcessGetUpdates", "result":"Done", "context":{"dataType":"Sessions", "deleted":"0", "process_failed_to_decrypt":"0", "process_pending_decryption":"0", "process_success":"2", "total":"2"}}
{"logTime": "0607/153501", "correlationVector":"7DGMEDbLBExRUsmHx0sKuQ.3","action":"ProcessGetUpdates", "result":"Done", "context":{"dataType":"History", "deleted":"0", "process_failed_to_decrypt":"0", "process_pending_decryption":"0", "process_success":"7", "total":"7"}}
{"logTime": "0607/153501", "correlationVector":"7DGMEDbLBExRUsmHx0sKuQ.4","action":"GetUpdates Response", "result":"Success", "context":Received 9 update(s). cV=7DGMEDbLBExRUsmHx0sKuQ.0;server=akswtt00100000s;cloudType=Consumer;environment=Prod_southeastasia_prod-s01-064-apac-southeastasia;migrationStage=NotStarted}
{"logTime": "0607/153605", "correlationVector":"2bZpJrPJRNuKqDnE7zN1DM","action":"Normal GetUpdate request", "result":"", "context":cV=2bZpJrPJRNuKqDnE7zN1DM
Notified types: History}
{"logTime": "0607/153605", "correlationVector":"2bZpJrPJRNuKqDnE7zN1DM.1","action":"SyncServerConnectionManagerRequest", "result":"SYNC_SERVER_OK", "context":{"environment":"Prod_southeastasia_prod-s01-064-apac-southeastasia", "migrationStage":"NotStarted", "server":"akswtt00100001k"}}
{"logTime": "0607/153605", "correlationVector":"2bZpJrPJRNuKqDnE7zN1DM.2","action":"ProcessGetUpdates", "result":"Done", "context":{"dataType":"Sessions", "deleted":"0", "process_failed_to_decrypt":"0", "process_pending_decryption":"0", "process_success":"1", "total":"1"}}
{"logTime": "0607/153605", "correlationVector":"2bZpJrPJRNuKqDnE7zN1DM.3","action":"ProcessGetUpdates", "result":"Done", "context":{"dataType":"History", "deleted":"0", "process_failed_to_decrypt":"0", "process_pending_decryption":"0", "process_success":"1", "total":"1"}}
{"logTime": "0607/153605", "correlationVector":"2bZpJrPJRNuKqDnE7zN1DM.4","action":"GetUpdates Response", "result":"Success", "context":Received 2 update(s). cV=2bZpJrPJRNuKqDnE7zN1DM.0;server=akswtt00100001k;cloudType=Consumer;environment=Prod_southeastasia_prod-s01-064-apac-southeastasia;migrationStage=NotStarted}
{"logTime": "0607/153647", "correlationVector":"bBHNYVvsd5vbOoSG2cGN6q.1","action":"SyncServerConnectionManagerRequest", "result":"SYNC_SERVER_OK", "context":{"environment":"Prod_southeastasia_prod-s01-064-apac-southeastasia", "migrationStage":"NotStarted", "server":"akswtt001000026"}}
{"logTime": "0607/153647", "correlationVector":"bBHNYVvsd5vbOoSG2cGN6q.2","action":"ProcessGetUpdates", "result":"Done", "context":{"dataType":"Encryption Keys", "deleted":"0", "process_failed_to_decrypt":"0", "process_pending_decryption":"0", "process_success":"1", "total":"1"}}
{"logTime": "0607/153648", "correlationVector":"skhFfjPffjgMUiIqhGm26b","action":"SyncServerConnectionManagerRequest", "result":"SYNC_SERVER_ERROR", "context":{"environment":"", "error_type":"http_status_code", "error_value":"400", "migrationStage":"", "server":""}}
{"logTime": "0607/153648", "correlationVector":"bBHNYVvsd5vbOoSG2cGN6q","action":"Initial GetUpdates", "result":"", "context":Reason: NEW_CLIENT. cV=bBHNYVvsd5vbOoSG2cGN6q}
{"logTime": "0607/153648", "correlationVector":"bBHNYVvsd5vbOoSG2cGN6q.3","action":"GetUpdates Response", "result":"Success", "context":Received 1 update(s). cV=bBHNYVvsd5vbOoSG2cGN6q.0;server=akswtt001000026;cloudType=Consumer;environment=Prod_southeastasia_prod-s01-064-apac-southeastasia;migrationStage=NotStarted}
{"logTime": "0607/153648", "correlationVector":"eLVn9lHFNRASREgJ3FC8V4","action":"Normal GetUpdate request", "result":"", "context":cV=eLVn9lHFNRASREgJ3FC8V4
Nudged types: Sessions, History
Refresh requested types: Bookmarks, Preferences, Extensions, Sessions, Extension settings, History Delete Directives, Device Info, User Consents, Send Tab To Self, Web Apps, History, Saved Tab Group, WebAuthn Credentials, Edge E Drop, Edge Hub App Usage, Edge Wallet, Edge Workspace, Encryption Keys}
{"logTime": "0607/153648", "correlationVector":"eLVn9lHFNRASREgJ3FC8V4.1","action":"SyncServerConnectionManagerRequest", "result":"SYNC_SERVER_OK", "context":{"environment":"Prod_southeastasia_prod-s01-064-apac-southeastasia", "migrationStage":"NotStarted", "server":"akswtt00100001q"}}
{"logTime": "0607/153648", "correlationVector":"eLVn9lHFNRASREgJ3FC8V4.2","action":"GetUpdates Response", "result":"Success", "context":Received 0 update(s). cV=eLVn9lHFNRASREgJ3FC8V4.0;server=akswtt00100001q;cloudType=Consumer;environment=Prod_southeastasia_prod-s01-064-apac-southeastasia;migrationStage=NotStarted}
{"logTime": "0607/153648", "correlationVector":"BlVgqrfY+qegWRuaqTHx02","action":"Commit Request", "result":"", "context":Item count: 5
Contributing types: Sessions, History}
{"logTime": "0607/153649", "correlationVector":"BlVgqrfY+qegWRuaqTHx02.1","action":"SyncServerConnectionManagerRequest", "result":"SYNC_SERVER_OK", "context":{"environment":"Prod_southeastasia_prod-s01-064-apac-southeastasia", "migrationStage":"NotStarted", "server":"akswtt00100000e"}}
{"logTime": "0607/153649", "correlationVector":"BlVgqrfY+qegWRuaqTHx02.2","action":"Commit Response", "result":"Success", "context":Result: Success. cV=BlVgqrfY+qegWRuaqTHx02.0;server=akswtt00100000e;cloudType=Consumer;environment=Prod_southeastasia_prod-s01-064-apac-southeastasia;migrationStage=NotStarted}
{"logTime": "0607/153649", "correlationVector":"sK3b/hbU2MN5qVkGwj4CTy","action":"SyncServerConnectionManagerRequest", "result":"SYNC_SERVER_ERROR", "context":{"environment":"", "error_type":"http_status_code", "error_value":"400", "migrationStage":"", "server":""}}
{"logTime": "0607/153649", "correlationVector":"y/TPBA/G/ZBcOCmcZaErHD","action":"Normal GetUpdate request", "result":"", "context":cV=y/TPBA/G/ZBcOCmcZaErHD
Nudged types: Sessions, History
Refresh requested types: Encryption Keys}
{"logTime": "0607/153650", "correlationVector":"y/TPBA/G/ZBcOCmcZaErHD.1","action":"SyncServerConnectionManagerRequest", "result":"SYNC_SERVER_OK", "context":{"environment":"Prod_southeastasia_prod-s01-064-apac-southeastasia", "migrationStage":"NotStarted", "server":"akswtt001000014"}}
{"logTime": "0607/153650", "correlationVector":"y/TPBA/G/ZBcOCmcZaErHD.2","action":"ProcessGetUpdates", "result":"Done", "context":{"dataType":"Sessions", "deleted":"0", "process_failed_to_decrypt":"0", "process_pending_decryption":"0", "process_success":"3", "total":"3"}}
{"logTime": "0607/153650", "correlationVector":"y/TPBA/G/ZBcOCmcZaErHD.3","action":"ProcessGetUpdates", "result":"Done", "context":{"dataType":"History", "deleted":"0", "process_failed_to_decrypt":"0", "process_pending_decryption":"0", "process_success":"2", "total":"2"}}
{"logTime": "0607/153650", "correlationVector":"y/TPBA/G/ZBcOCmcZaErHD.4","action":"GetUpdates Response", "result":"Success", "context":Received 5 update(s). cV=y/TPBA/G/ZBcOCmcZaErHD.0;server=akswtt001000014;cloudType=Consumer;environment=Prod_southeastasia_prod-s01-064-apac-southeastasia;migrationStage=NotStarted}
{"logTime": "0607/153650", "correlationVector":"w6sn4QJv6MSY+T1qM8RvDc","action":"Commit Request", "result":"", "context":Item count: 3
Contributing types: Sessions, History}
{"logTime": "0607/153650", "correlationVector":"w6sn4QJv6MSY+T1qM8RvDc.1","action":"SyncServerConnectionManagerRequest", "result":"SYNC_SERVER_OK", "context":{"environment":"Prod_southeastasia_prod-s01-064-apac-southeastasia", "migrationStage":"NotStarted", "server":"akswtt00100000s"}}
{"logTime": "0607/153650", "correlationVector":"w6sn4QJv6MSY+T1qM8RvDc.3","action":"Commit.Sessions", "result":"Success", "context":{"id":"d89948ae-18c8-4893-a544-cbb3f042c788", "isDeleted":"true", "size":"0", "version":"1780846608044"}}
{"logTime": "0607/153650", "correlationVector":"w6sn4QJv6MSY+T1qM8RvDc.2","action":"Commit Response", "result":"Success", "context":Result: Success. cV=w6sn4QJv6MSY+T1qM8RvDc.0;server=akswtt00100000s;cloudType=Consumer;environment=Prod_southeastasia_prod-s01-064-apac-southeastasia;migrationStage=NotStarted}
{"logTime": "0607/153651", "correlationVector":"i5KPV+o+gSya9KgT7RdNEs","action":"SyncServerConnectionManagerRequest", "result":"SYNC_SERVER_ERROR", "context":{"environment":"", "error_type":"http_status_code", "error_value":"400", "migrationStage":"", "server":""}}
{"logTime": "0607/153652", "correlationVector":"mN8tKy4sqm0yfMVYoNV2K7","action":"Normal GetUpdate request", "result":"", "context":cV=mN8tKy4sqm0yfMVYoNV2K7
Nudged types: Sessions, History
Refresh requested types: Encryption Keys}
{"logTime": "0607/153652", "correlationVector":"mN8tKy4sqm0yfMVYoNV2K7.1","action":"SyncServerConnectionManagerRequest", "result":"SYNC_SERVER_OK", "context":{"environment":"Prod_southeastasia_prod-s01-064-apac-southeastasia", "migrationStage":"NotStarted", "server":"akswtt001000026"}}
{"logTime": "0607/153652", "correlationVector":"mN8tKy4sqm0yfMVYoNV2K7.2","action":"ProcessGetUpdates", "result":"Done", "context":{"dataType":"Sessions", "deleted":"1", "process_failed_to_decrypt":"0", "process_pending_decryption":"0", "process_success":"2", "total":"2"}}
{"logTime": "0607/153652", "correlationVector":"mN8tKy4sqm0yfMVYoNV2K7.3","action":"ProcessGetUpdates", "result":"Done", "context":{"dataType":"History", "deleted":"0", "process_failed_to_decrypt":"0", "process_pending_decryption":"0", "process_success":"1", "total":"1"}}
{"logTime": "0607/153652", "correlationVector":"mN8tKy4sqm0yfMVYoNV2K7.4","action":"GetUpdates Response", "result":"Success", "context":Received 3 update(s). cV=mN8tKy4sqm0yfMVYoNV2K7.0;server=akswtt001000026;cloudType=Consumer;environment=Prod_southeastasia_prod-s01-064-apac-southeastasia;migrationStage=NotStarted}
{"logTime": "0607/153652", "correlationVector":"JpnONf07HtY4ndN147CjW9","action":"SyncServerConnectionManagerRequest", "result":"SYNC_SERVER_ERROR", "context":{"environment":"", "error_type":"http_status_code", "error_value":"400", "migrationStage":"", "server":""}}
{"logTime": "0607/153656", "correlationVector":"K/K3AgJRDKGWvY6pfNAWTa","action":"Normal GetUpdate request", "result":"", "context":cV=K/K3AgJRDKGWvY6pfNAWTa
Refresh requested types: Encryption Keys}
{"logTime": "0607/153657", "correlationVector":"K/K3AgJRDKGWvY6pfNAWTa.1","action":"SyncServerConnectionManagerRequest", "result":"SYNC_SERVER_OK", "context":{"environment":"Prod_southeastasia_prod-s01-064-apac-southeastasia", "migrationStage":"NotStarted", "server":"akswtt00100000f"}}
{"logTime": "0607/153657", "correlationVector":"K/K3AgJRDKGWvY6pfNAWTa.2","action":"GetUpdates Response", "result":"Success", "context":Received 0 update(s). cV=K/K3AgJRDKGWvY6pfNAWTa.0;server=akswtt00100000f;cloudType=Consumer;environment=Prod_southeastasia_prod-s01-064-apac-southeastasia;migrationStage=NotStarted}
{"logTime": "0607/153657", "correlationVector":"ICpUS5yC2aDEb3AvCGN2Vx","action":"SyncServerConnectionManagerRequest", "result":"SYNC_SERVER_ERROR", "context":{"environment":"", "error_type":"http_status_code", "error_value":"400", "migrationStage":"", "server":""}}
{"logTime": "0607/153705", "correlationVector":"jrqwm9QrGDNbNrpbOOXIbf","action":"Normal GetUpdate request", "result":"", "context":cV=jrqwm9QrGDNbNrpbOOXIbf
Refresh requested types: Encryption Keys}
{"logTime": "0607/153705", "correlationVector":"jrqwm9QrGDNbNrpbOOXIbf.1","action":"SyncServerConnectionManagerRequest", "result":"SYNC_SERVER_OK", "context":{"environment":"Prod_southeastasia_prod-s01-064-apac-southeastasia", "migrationStage":"NotStarted", "server":"akswtt00100000o"}}
{"logTime": "0607/153705", "correlationVector":"jrqwm9QrGDNbNrpbOOXIbf.2","action":"GetUpdates Response", "result":"Success", "context":Received 0 update(s). cV=jrqwm9QrGDNbNrpbOOXIbf.0;server=akswtt00100000o;cloudType=Consumer;environment=Prod_southeastasia_prod-s01-064-apac-southeastasia;migrationStage=NotStarted}
{"logTime": "0607/153705", "correlationVector":"wLi+V7G5MQv+y9hoccaFLi","action":"SyncServerConnectionManagerRequest", "result":"SYNC_SERVER_ERROR", "context":{"environment":"", "error_type":"http_status_code", "error_value":"400", "migrationStage":"", "server":""}}
{"logTime": "0607/153721", "correlationVector":"hdNE2Km6keSBrw90wASu48","action":"Normal GetUpdate request", "result":"", "context":cV=hdNE2Km6keSBrw90wASu48
Refresh requested types: Encryption Keys}
{"logTime": "0607/153721", "correlationVector":"hdNE2Km6keSBrw90wASu48.1","action":"SyncServerConnectionManagerRequest", "result":"SYNC_SERVER_OK", "context":{"environment":"Prod_southeastasia_prod-s01-064-apac-southeastasia", "migrationStage":"NotStarted", "server":"akswtt00100000t"}}
{"logTime": "0607/153721", "correlationVector":"hdNE2Km6keSBrw90wASu48.2","action":"GetUpdates Response", "result":"Success", "context":Received 0 update(s). cV=hdNE2Km6keSBrw90wASu48.0;server=akswtt00100000t;cloudType=Consumer;environment=Prod_southeastasia_prod-s01-064-apac-southeastasia;migrationStage=NotStarted}
{"logTime": "0607/153722", "correlationVector":"xuKosZ0tPbaXQYtrOcrs8Y","action":"SyncServerConnectionManagerRequest", "result":"SYNC_SERVER_ERROR", "context":{"environment":"", "error_type":"http_status_code", "error_value":"400", "migrationStage":"", "server":""}}
{"logTime": "0607/153751", "correlationVector":"uwMKI5e5XyHIs9nZMAcYAc","action":"Normal GetUpdate request", "result":"", "context":cV=uwMKI5e5XyHIs9nZMAcYAc
Refresh requested types: Encryption Keys}
{"logTime": "0607/153752", "correlationVector":"uwMKI5e5XyHIs9nZMAcYAc.1","action":"SyncServerConnectionManagerRequest", "result":"SYNC_SERVER_OK", "context":{"environment":"Prod_southeastasia_prod-s01-064-apac-southeastasia", "migrationStage":"NotStarted", "server":"akswtt00100001x"}}
{"logTime": "0607/153752", "correlationVector":"uwMKI5e5XyHIs9nZMAcYAc.2","action":"GetUpdates Response", "result":"Success", "context":Received 0 update(s). cV=uwMKI5e5XyHIs9nZMAcYAc.0;server=akswtt00100001x;cloudType=Consumer;environment=Prod_southeastasia_prod-s01-064-apac-southeastasia;migrationStage=NotStarted}
{"logTime": "0607/153752", "correlationVector":"cQwOwO18wnelBp4Xfs65Nq","action":"SyncServerConnectionManagerRequest", "result":"SYNC_SERVER_OK", "context":{"environment":"", "migrationStage":"", "server":""}}
{"logTime": "0607/153752", "correlationVector":"cQwOwO18wnelBp4Xfs65Nq.0","action":"EncryptionKeysFetcher.DownloadKeys:", "result":"Success", "context":Key count: 2, Last key timestamp: 2026-01-31T17:24:42Z}
{"logTime": "0607/153752", "correlationVector":"cQwOwO18wnelBp4Xfs65Nq.1","action":"EncryptionKeysManager::SetEncryptionKeys:", "result":"Success", "context":Key names[2]:[QQDWc9yjXMPMplHXR+alS2/75qcPFkFbuCqcC4VWKju2CWJWfX9a8iXdLboAwdli3uEmmTCrhI9iCMwJxmfgrA==][NiO/RqdAJQs+lTb80Qo76At3ZnuVo8nBNujX8NKHr8y6EsiLntF/241y4taKc3aNhDT2aFz9qwQEMnHy+DaDww==]}
{"logTime": "0607/153752", "correlationVector":"cQwOwO18wnelBp4Xfs65Nq.2","action":"EncryptionKeysManager::SetEncryptionKeysWithTimestamps:", "result":"Success", "context":Key timestamps[2]:[2025-08-03T22:38:40Z][2026-01-31T17:24:42Z]}
{"logTime": "0607/153752", "correlationVector":"d3nqs85xfc0RLm469NZLfi","action":"Initial GetUpdates", "result":"", "context":Reason: NEWLY_SUPPORTED_DATATYPE. cV=d3nqs85xfc0RLm469NZLfi}
{"logTime": "0607/153752", "correlationVector":"d3nqs85xfc0RLm469NZLfi.1","action":"SyncServerConnectionManagerRequest", "result":"SYNC_SERVER_OK", "context":{"environment":"Prod_southeastasia_prod-s01-064-apac-southeastasia", "migrationStage":"NotStarted", "server":"akswtt001000016"}}
{"logTime": "0607/153752", "correlationVector":"d3nqs85xfc0RLm469NZLfi.2","action":"ProcessGetUpdates", "result":"Done", "context":{"dataType":"Passwords", "deleted":"2", "process_failed_to_decrypt":"0", "process_pending_decryption":"0", "process_success":"51", "total":"51"}}
{"logTime": "0607/153752", "correlationVector":"d3nqs85xfc0RLm469NZLfi.3","action":"GetUpdates Response", "result":"Success", "context":Received 51 update(s). cV=d3nqs85xfc0RLm469NZLfi.0;server=akswtt001000016;cloudType=Consumer;environment=Prod_southeastasia_prod-s01-064-apac-southeastasia;migrationStage=NotStarted}
{"logTime": "0607/153753", "correlationVector":"C5nErpHqRotwV1X8S48sn2","action":"Normal GetUpdate request", "result":"", "context":cV=C5nErpHqRotwV1X8S48sn2
Refresh requested types: Bookmarks, Preferences, Passwords, Autofill Profiles, Autofill, Extensions, Sessions, Extension settings, History Delete Directives, Device Info, User Consents, Send Tab To Self, Web Apps, History, Saved Tab Group, WebAuthn Credentials, Edge E Drop, Edge Hub App Usage, Edge Wallet, Edge Workspace, Encryption Keys}
{"logTime": "0607/153753", "correlationVector":"C5nErpHqRotwV1X8S48sn2.1","action":"SyncServerConnectionManagerRequest", "result":"SYNC_SERVER_OK", "context":{"environment":"Prod_southeastasia_prod-s01-064-apac-southeastasia", "migrationStage":"NotStarted", "server":"akswtt001000007"}}
{"logTime": "0607/153753", "correlationVector":"C5nErpHqRotwV1X8S48sn2.2","action":"GetUpdates Response", "result":"Success", "context":Received 0 update(s). cV=C5nErpHqRotwV1X8S48sn2.0;server=akswtt001000007;cloudType=Consumer;environment=Prod_southeastasia_prod-s01-064-apac-southeastasia;migrationStage=NotStarted}
{"logTime": "0607/153755", "correlationVector":"js4031H+RnLy9FcfVJET7b","action":"Commit Request", "result":"", "context":Item count: 22
Contributing types: Preferences, Passwords}
{"logTime": "0607/153757", "correlationVector":"js4031H+RnLy9FcfVJET7b.1","action":"SyncServerConnectionManagerRequest", "result":"SYNC_SERVER_OK", "context":{"environment":"Prod_southeastasia_prod-s01-064-apac-southeastasia", "migrationStage":"NotStarted", "server":"akswtt00100001x"}}
{"logTime": "0607/153757", "correlationVector":"js4031H+RnLy9FcfVJET7b.2","action":"Commit Response", "result":"Success", "context":Result: Success. cV=js4031H+RnLy9FcfVJET7b.0;server=akswtt00100001x;cloudType=Consumer;environment=Prod_southeastasia_prod-s01-064-apac-southeastasia;migrationStage=NotStarted}
