2026-06-07 15:32:30.082: [INFO][Sync] Reset engine, reason: 8
2026-06-07 15:32:30.082: [INFO][Sync] Stopped: Bookmarks
2026-06-07 15:32:30.082: [INFO][Sync] Stopped: Preferences
2026-06-07 15:32:30.082: [INFO][Sync] Stopped: Passwords
2026-06-07 15:32:30.082: [INFO][Sync] Stopped: Autofill Profiles
2026-06-07 15:32:30.082: [INFO][Sync] Stopped: Autofill
2026-06-07 15:32:30.082: [INFO][Sync] Stopped: Extensions
2026-06-07 15:32:30.082: [INFO][Sync] Stopped: Sessions
2026-06-07 15:32:30.082: [INFO][Sync] Stopped: Extension settings
2026-06-07 15:32:30.082: [INFO][Sync] Stopped: History Delete Directives
2026-06-07 15:32:30.082: [INFO][Sync] Stopped: Device Info
2026-06-07 15:32:30.082: [INFO][Sync] Stopped: User Consents
2026-06-07 15:32:30.082: [INFO][Sync] Stopped: Send Tab To Self
2026-06-07 15:32:30.082: [INFO][Sync] Stopped: Web Apps
2026-06-07 15:32:30.082: [INFO][Sync] Stopped: History
2026-06-07 15:32:30.082: [INFO][Sync] Stopped: Saved Tab Group
2026-06-07 15:32:30.082: [INFO][Sync] Stopped: WebAuthn Credentials
2026-06-07 15:32:30.082: [INFO][Sync] Stopped: Edge E Drop
2026-06-07 15:32:30.082: [INFO][Sync] Stopped: Edge Hub App Usage
2026-06-07 15:32:30.082: [INFO][Sync] Stopped: Edge Journey
2026-06-07 15:32:30.082: [INFO][Sync] Stopped: Edge Wallet
2026-06-07 15:32:30.082: [INFO][Sync] Stopped: Edge Workspace
2026-06-07 15:32:30.082: [INFO][Sync] SyncState after authenticated was: NotSignedIn
2026-06-07 15:32:30.265: [INFO][Sync] Reset engine, reason: 8
2026-06-07 15:32:30.265: [INFO][Sync] Stopped: Bookmarks
2026-06-07 15:32:30.265: [INFO][Sync] Stopped: Preferences
2026-06-07 15:32:30.265: [INFO][Sync] Stopped: Passwords
2026-06-07 15:32:30.265: [INFO][Sync] Stopped: Autofill Profiles
2026-06-07 15:32:30.265: [INFO][Sync] Stopped: Autofill
2026-06-07 15:32:30.265: [INFO][Sync] Stopped: Extensions
2026-06-07 15:32:30.265: [INFO][Sync] Stopped: Sessions
2026-06-07 15:32:30.265: [INFO][Sync] Stopped: Extension settings
2026-06-07 15:32:30.265: [INFO][Sync] Stopped: History Delete Directives
2026-06-07 15:32:30.265: [INFO][Sync] Stopped: Device Info
2026-06-07 15:32:30.265: [INFO][Sync] Stopped: User Consents
2026-06-07 15:32:30.265: [INFO][Sync] Stopped: Send Tab To Self
2026-06-07 15:32:30.265: [INFO][Sync] Stopped: Web Apps
2026-06-07 15:32:30.265: [INFO][Sync] Stopped: History
2026-06-07 15:32:30.265: [INFO][Sync] Stopped: Saved Tab Group
2026-06-07 15:32:30.265: [INFO][Sync] Stopped: WebAuthn Credentials
2026-06-07 15:32:30.265: [INFO][Sync] Stopped: Edge E Drop
2026-06-07 15:32:30.265: [INFO][Sync] Stopped: Edge Hub App Usage
2026-06-07 15:32:30.265: [INFO][Sync] Stopped: Edge Journey
2026-06-07 15:32:30.265: [INFO][Sync] Stopped: Edge Wallet
2026-06-07 15:32:30.265: [INFO][Sync] Stopped: Edge Workspace
2026-06-07 15:32:31.976: [INFO][Sync] Try to start sync engine
2026-06-07 15:32:31.977: [INFO][SyncManagerImpl::NudgeForInitialDownload] Initial download nudge for Encryption Keys
2026-06-07 15:32:31.977: [INFO][SyncEngineBackend::LoadAndConnectNigoriController] Load and connect Nigori controller
2026-06-07 15:32:31.977: [INFO][SyncEngineBackend::DoInitialize] Control Types added: Encryption Keys
2026-06-07 15:32:31.977: [INFO][SyncManagerImpl::ConfigureSyncer] Types to download: Encryption Keys with reason: 3
2026-06-07 15:32:31.977: [INFO][SyncSchedulerImpl::DoConfigurationSyncCycleJob] Configure job was blocked
2026-06-07 15:32:31.993: [INFO][SyncAuthManager::SetLastAuthError] Current auth error: None
2026-06-07 15:32:31.993: [INFO][SyncAuthManager::EdgeLogTokenErrorState] Token error with: None for account type: MSA
2026-06-07 15:32:31.993: [INFO][Sync] Credentials changed for: EdgeSyncScopeNew
2026-06-07 15:32:32.497: [INFO][SyncAuthManager::SetLastAuthError] Current auth error: None
2026-06-07 15:32:32.497: [INFO][SyncAuthManager::EdgeLogTokenErrorState] Token error with: None for account type: MSA
2026-06-07 15:32:32.497: [INFO][Sync] Credentials changed for: EdgeSyncKeyDataScope
2026-06-07 15:32:32.497: [INFO][SyncEngineBackend::DoUpdateKeyDataCredentials] Update key data credentials
2026-06-07 15:32:32.497: [INFO][SyncEngineBackend::DoUpdateCredentials] Update credentials
2026-06-07 15:32:32.497: [INFO][SyncSchedulerImpl::DoConfigurationSyncCycleJob] Blocked types:  and types to download: Encryption Keys
2026-06-07 15:32:33.216: [INFO][Sync] Started DataTypeManager configuration, reason: 4
2026-06-07 15:32:33.216: [INFO][Sync] Configuring for: Bookmarks, Preferences, Passwords, Autofill Profiles, Autofill, Extensions, Sessions, Extension settings, History Delete Directives, Device Info, User Consents, Send Tab To Self, Web Apps, History, Saved Tab Group, WebAuthn Credentials, Edge E Drop, Edge Hub App Usage, Edge Wallet, Edge Workspace, Encryption Keys, reason: 3, current state: 0
2026-06-07 15:32:33.216: [WARN][Sync] Crypto error data types: Passwords, Autofill Profiles, Autofill
2026-06-07 15:32:33.218: [INFO][Sync] Configure, desired: Bookmarks, Preferences, Extensions, Sessions, Extension settings, History Delete Directives, Device Info, User Consents, Send Tab To Self, Web Apps, History, Saved Tab Group, WebAuthn Credentials, Edge E Drop, Edge Hub App Usage, Edge Wallet, Edge Workspace, Encryption Keys; Allow fail: Passwords, Autofill Profiles, Autofill
2026-06-07 15:32:33.218: [INFO][Sync] Loading: Bookmarks
2026-06-07 15:32:33.218: [INFO][Sync] Loading: Preferences
2026-06-07 15:32:33.218: [INFO][Sync] Loading: Extensions
2026-06-07 15:32:33.218: [INFO][Sync] Loading: Sessions
2026-06-07 15:32:33.218: [INFO][Sync] Loading: Extension settings
2026-06-07 15:32:33.218: [INFO][Sync] Loading: History Delete Directives
2026-06-07 15:32:33.219: [INFO][Sync] Loading: Device Info
2026-06-07 15:32:33.219: [INFO][Sync] Loading: User Consents
2026-06-07 15:32:33.219: [INFO][Sync] Loading: Send Tab To Self
2026-06-07 15:32:33.219: [INFO][Sync] Loading: Web Apps
2026-06-07 15:32:33.219: [INFO][Sync] Loading: History
2026-06-07 15:32:33.219: [INFO][Sync] Loading: Saved Tab Group
2026-06-07 15:32:33.219: [INFO][Sync] Loading: WebAuthn Credentials
2026-06-07 15:32:33.219: [INFO][Sync] Loading: Edge E Drop
2026-06-07 15:32:33.219: [INFO][Sync] Loading: Edge Hub App Usage
2026-06-07 15:32:33.219: [INFO][Sync] Loading: Edge Wallet
2026-06-07 15:32:33.219: [INFO][Sync] Loading: Edge Workspace
2026-06-07 15:32:33.226: [INFO][Sync] All data types are ready for configure.
2026-06-07 15:32:34.154: [INFO][SyncEngineBackend::DoStartConfiguration] Start configuration
2026-06-07 15:32:34.154: [INFO][SyncManagerImpl::NudgeForInitialDownload] Initial download nudge for Bookmarks
2026-06-07 15:32:34.154: [INFO][SyncManagerImpl::NudgeForInitialDownload] Initial download nudge for Preferences
2026-06-07 15:32:34.154: [INFO][SyncManagerImpl::NudgeForInitialDownload] Initial download nudge for Extensions
2026-06-07 15:32:34.154: [INFO][SyncManagerImpl::NudgeForInitialDownload] Initial download nudge for Sessions
2026-06-07 15:32:34.154: [INFO][SyncManagerImpl::NudgeForInitialDownload] Initial download nudge for Extension settings
2026-06-07 15:32:34.154: [INFO][SyncManagerImpl::NudgeForInitialDownload] Initial download nudge for History Delete Directives
2026-06-07 15:32:34.154: [INFO][SyncManagerImpl::NudgeForInitialDownload] Initial download nudge for Device Info
2026-06-07 15:32:34.154: [INFO][SyncManagerImpl::NudgeForInitialDownload] Initial download nudge for Send Tab To Self
2026-06-07 15:32:34.154: [INFO][SyncManagerImpl::NudgeForInitialDownload] Initial download nudge for Web Apps
2026-06-07 15:32:34.154: [INFO][SyncManagerImpl::NudgeForInitialDownload] Initial download nudge for History
2026-06-07 15:32:34.154: [INFO][SyncManagerImpl::NudgeForInitialDownload] Initial download nudge for Saved Tab Group
2026-06-07 15:32:34.154: [INFO][SyncManagerImpl::NudgeForInitialDownload] Initial download nudge for WebAuthn Credentials
2026-06-07 15:32:34.154: [INFO][SyncManagerImpl::NudgeForInitialDownload] Initial download nudge for Edge E Drop
2026-06-07 15:32:34.154: [INFO][SyncManagerImpl::NudgeForInitialDownload] Initial download nudge for Edge Hub App Usage
2026-06-07 15:32:34.154: [INFO][SyncManagerImpl::NudgeForInitialDownload] Initial download nudge for Edge Wallet
2026-06-07 15:32:34.154: [INFO][SyncManagerImpl::NudgeForInitialDownload] Initial download nudge for Edge Workspace
2026-06-07 15:32:34.154: [INFO][SyncManagerImpl::ConfigureSyncer] Types to download:  with reason: 3
2026-06-07 15:32:34.154: [INFO][SyncEngineBackend::DoFinishConfigureDataTypes] Failed to download types:  and succeeded types: 
2026-06-07 15:32:34.155: [INFO][Sync] Started DataTypeManager configuration, reason: 5
2026-06-07 15:32:34.155: [INFO][Sync] Configuring for: Bookmarks, Preferences, Passwords, Autofill Profiles, Autofill, Extensions, Sessions, Extension settings, History Delete Directives, Device Info, User Consents, Send Tab To Self, Web Apps, History, Saved Tab Group, WebAuthn Credentials, Edge E Drop, Edge Hub App Usage, Edge Wallet, Edge Workspace, Encryption Keys, reason: 5, current state: 1
2026-06-07 15:32:34.158: [INFO][Sync] ConfigurationDone, failed: , succeeded: , remaining count: 4
2026-06-07 15:32:34.158: [WARN][Sync]     Reconfigure requested while configuration ongoing.
2026-06-07 15:32:34.158: [INFO][Sync] Configuring for: Bookmarks, Preferences, Passwords, Autofill Profiles, Autofill, Extensions, Sessions, Extension settings, History Delete Directives, Device Info, User Consents, Send Tab To Self, Web Apps, History, Saved Tab Group, WebAuthn Credentials, Edge E Drop, Edge Hub App Usage, Edge Wallet, Edge Workspace, Encryption Keys, reason: 5, current state: 2
2026-06-07 15:32:34.158: [INFO][Sync] Configure, desired: Bookmarks, Preferences, Passwords, Autofill Profiles, Autofill, Extensions, Sessions, Extension settings, History Delete Directives, Device Info, User Consents, Send Tab To Self, Web Apps, History, Saved Tab Group, WebAuthn Credentials, Edge E Drop, Edge Hub App Usage, Edge Wallet, Edge Workspace, Encryption Keys; Allow fail: 
2026-06-07 15:32:34.158: [INFO][Sync] Loading: Passwords
2026-06-07 15:32:34.158: [INFO][Sync] Loading: Autofill Profiles
2026-06-07 15:32:34.158: [INFO][Sync] Loading: Autofill
2026-06-07 15:32:34.158: [INFO][Sync] All data types are ready for configure.
2026-06-07 15:32:34.158: [INFO][SyncManagerImpl::NudgeForInitialDownload] Initial download nudge for Passwords
2026-06-07 15:32:34.158: [INFO][SyncManagerImpl::NudgeForInitialDownload] Initial download nudge for Autofill Profiles
2026-06-07 15:32:34.158: [INFO][SyncManagerImpl::NudgeForInitialDownload] Initial download nudge for Autofill
2026-06-07 15:32:34.158: [INFO][SyncManagerImpl::ConfigureSyncer] Types to download:  with reason: 5
2026-06-07 15:32:34.158: [INFO][SyncEngineBackend::DoFinishConfigureDataTypes] Failed to download types:  and succeeded types: 
2026-06-07 15:32:34.158: [INFO][Sync] ConfigurationDone, failed: , succeeded: , remaining count: 4
2026-06-07 15:32:34.158: [INFO][Sync] Prepare to configure types: Preferences, Passwords, Device Info, Send Tab To Self, Edge E Drop, Encryption Keys
2026-06-07 15:32:34.158: [INFO][SyncManagerImpl::ConfigureSyncer] Types to download: Preferences, Passwords, Device Info, Send Tab To Self, Edge E Drop, Encryption Keys with reason: 5
2026-06-07 15:32:34.158: [INFO][SyncSchedulerImpl::DoConfigurationSyncCycleJob] Blocked types:  and types to download: Preferences, Passwords, Device Info, Send Tab To Self, Edge E Drop, Encryption Keys
2026-06-07 15:32:35.565: [INFO][SyncEngineBackend::DoFinishConfigureDataTypes] Failed to download types:  and succeeded types: Preferences, Passwords, Device Info, Send Tab To Self, Edge E Drop, Encryption Keys
2026-06-07 15:32:35.571: [INFO][Sync] ConfigurationDone, failed: , succeeded: Preferences, Passwords, Device Info, Send Tab To Self, Edge E Drop, Encryption Keys, remaining count: 3
2026-06-07 15:32:35.571: [INFO][Sync] Prepare to configure types: Bookmarks, Encryption Keys
2026-06-07 15:32:35.571: [INFO][SyncManagerImpl::ConfigureSyncer] Types to download: Bookmarks, Encryption Keys with reason: 5
2026-06-07 15:32:35.571: [INFO][SyncSchedulerImpl::DoConfigurationSyncCycleJob] Blocked types:  and types to download: Bookmarks, Encryption Keys
2026-06-07 15:32:35.868: [INFO][SyncEngineBackend::DoFinishConfigureDataTypes] Failed to download types:  and succeeded types: Bookmarks, Encryption Keys
2026-06-07 15:32:35.873: [INFO][Sync] ConfigurationDone, failed: , succeeded: Bookmarks, Encryption Keys, remaining count: 2
2026-06-07 15:32:35.873: [INFO][Sync] Prepare to configure types: Autofill Profiles, Autofill, Extensions, Sessions, Extension settings, History Delete Directives, Web Apps, Saved Tab Group, WebAuthn Credentials, Edge Hub App Usage, Edge Wallet, Edge Workspace, Encryption Keys
2026-06-07 15:32:35.873: [INFO][SyncManagerImpl::ConfigureSyncer] Types to download: Autofill Profiles, Autofill, Extensions, Sessions, Extension settings, History Delete Directives, Web Apps, Saved Tab Group, WebAuthn Credentials, Edge Hub App Usage, Edge Wallet, Edge Workspace, Encryption Keys with reason: 5
2026-06-07 15:32:35.873: [INFO][SyncSchedulerImpl::DoConfigurationSyncCycleJob] Blocked types:  and types to download: Autofill Profiles, Autofill, Extensions, Sessions, Extension settings, History Delete Directives, Web Apps, Saved Tab Group, WebAuthn Credentials, Edge Hub App Usage, Edge Wallet, Edge Workspace, Encryption Keys
2026-06-07 15:32:41.200: [INFO][SyncEngineBackend::DoFinishConfigureDataTypes] Failed to download types:  and succeeded types: Autofill Profiles, Autofill, Extensions, Sessions, Extension settings, History Delete Directives, Web Apps, Saved Tab Group, WebAuthn Credentials, Edge Hub App Usage, Edge Wallet, Edge Workspace, Encryption Keys
2026-06-07 15:32:41.203: [INFO][Sync] ConfigurationDone, failed: , succeeded: Autofill Profiles, Autofill, Extensions, Sessions, Extension settings, History Delete Directives, Web Apps, Saved Tab Group, WebAuthn Credentials, Edge Hub App Usage, Edge Wallet, Edge Workspace, Encryption Keys, remaining count: 1
2026-06-07 15:32:41.205: [INFO][Sync] Prepare to configure types: History, Encryption Keys
2026-06-07 15:32:41.205: [INFO][SyncManagerImpl::ConfigureSyncer] Types to download: History, Encryption Keys with reason: 5
2026-06-07 15:32:41.205: [INFO][SyncSchedulerImpl::DoConfigurationSyncCycleJob] Blocked types:  and types to download: History, Encryption Keys
2026-06-07 15:32:47.100: [INFO][SyncEngineBackend::DoFinishConfigureDataTypes] Failed to download types:  and succeeded types: History, Encryption Keys
2026-06-07 15:32:47.103: [INFO][Sync] ConfigurationDone, failed: , succeeded: History, Encryption Keys, remaining count: 0
2026-06-07 15:32:47.105: [INFO][Sync]     Configuration completed, state: 7
2026-06-07 15:32:47.105: [INFO][Sync] Configured DataTypeManager: Ok
2026-06-07 15:32:47.108: [INFO][SyncEngineBackend::DoStartSyncing] Start syncing
2026-06-07 15:36:28.007: [INFO][Sync] Reset engine, reason: 0
2026-06-07 15:36:28.007: [INFO][Sync] Reset engine with reason: 0
2026-06-07 15:36:43.137: [INFO][Sync] SyncState after authenticated was: FeatureCanStart
2026-06-07 15:36:43.270: [INFO][SyncAuthManager::SetLastAuthError] Current auth error: None
2026-06-07 15:36:43.270: [INFO][SyncAuthManager::EdgeLogTokenErrorState] Token error with: None for account type: MSA
2026-06-07 15:36:43.270: [INFO][Sync] Credentials changed for: EdgeSyncKeyDataScope
2026-06-07 15:36:47.204: [INFO][Sync] Try to start sync engine
2026-06-07 15:36:47.205: [INFO][SyncManagerImpl::NudgeForInitialDownload] Initial download nudge for Encryption Keys
2026-06-07 15:36:47.205: [INFO][SyncEngineBackend::LoadAndConnectNigoriController] Load and connect Nigori controller
2026-06-07 15:36:47.205: [INFO][SyncEngineBackend::DoInitialize] Control Types added: Encryption Keys
2026-06-07 15:36:47.205: [INFO][SyncManagerImpl::ConfigureSyncer] Types to download: Encryption Keys with reason: 3
2026-06-07 15:36:47.205: [INFO][SyncEngineBackend::DoUpdateKeyDataCredentials] Update key data credentials
2026-06-07 15:36:47.205: [INFO][SyncSchedulerImpl::DoConfigurationSyncCycleJob] Configure job was blocked
2026-06-07 15:36:47.208: [INFO][SyncAuthManager::SetLastAuthError] Current auth error: None
2026-06-07 15:36:47.208: [INFO][SyncAuthManager::EdgeLogTokenErrorState] Token error with: None for account type: MSA
2026-06-07 15:36:47.208: [INFO][Sync] Credentials changed for: EdgeSyncScopeNew
2026-06-07 15:36:47.208: [INFO][SyncEngineBackend::DoUpdateCredentials] Update credentials
2026-06-07 15:36:47.208: [INFO][SyncSchedulerImpl::DoConfigurationSyncCycleJob] Blocked types:  and types to download: Encryption Keys
2026-06-07 15:36:47.671: [INFO][SyncEngineBackend::DoUpdateKeyDataCredentials] Update key data credentials
2026-06-07 15:36:47.684: [INFO][Sync] Started DataTypeManager configuration, reason: 4
2026-06-07 15:36:47.684: [INFO][Sync] Configuring for: Bookmarks, Preferences, Passwords, Autofill Profiles, Autofill, Extensions, Sessions, Extension settings, History Delete Directives, Device Info, User Consents, Send Tab To Self, Web Apps, History, Saved Tab Group, WebAuthn Credentials, Edge E Drop, Edge Hub App Usage, Edge Wallet, Edge Workspace, Encryption Keys, reason: 4, current state: 0
2026-06-07 15:36:47.684: [WARN][Sync] Crypto error data types: Passwords, Autofill Profiles, Autofill
2026-06-07 15:36:47.687: [INFO][Sync] Configure, desired: Bookmarks, Preferences, Extensions, Sessions, Extension settings, History Delete Directives, Device Info, User Consents, Send Tab To Self, Web Apps, History, Saved Tab Group, WebAuthn Credentials, Edge E Drop, Edge Hub App Usage, Edge Wallet, Edge Workspace, Encryption Keys; Allow fail: Passwords, Autofill Profiles, Autofill
2026-06-07 15:36:47.687: [INFO][Sync] Loading: Bookmarks
2026-06-07 15:36:47.687: [INFO][Sync] Loading: Preferences
2026-06-07 15:36:47.687: [INFO][Sync] Loading: Extensions
2026-06-07 15:36:47.687: [INFO][Sync] Loading: Sessions
2026-06-07 15:36:47.687: [INFO][Sync] Loading: Extension settings
2026-06-07 15:36:47.687: [INFO][Sync] Loading: History Delete Directives
2026-06-07 15:36:47.687: [INFO][Sync] Loading: Device Info
2026-06-07 15:36:47.687: [INFO][Sync] Loading: User Consents
2026-06-07 15:36:47.687: [INFO][Sync] Loading: Send Tab To Self
2026-06-07 15:36:47.687: [INFO][Sync] Loading: Web Apps
2026-06-07 15:36:47.687: [INFO][Sync] Loading: History
2026-06-07 15:36:47.687: [INFO][Sync] Loading: Saved Tab Group
2026-06-07 15:36:47.687: [INFO][Sync] Loading: WebAuthn Credentials
2026-06-07 15:36:47.687: [INFO][Sync] Loading: Edge E Drop
2026-06-07 15:36:47.687: [INFO][Sync] Loading: Edge Hub App Usage
2026-06-07 15:36:47.687: [INFO][Sync] Loading: Edge Wallet
2026-06-07 15:36:47.687: [INFO][Sync] Loading: Edge Workspace
2026-06-07 15:36:47.693: [INFO][Sync] All data types are ready for configure.
2026-06-07 15:36:48.429: [INFO][Sync] Connection status changed to: 2
2026-06-07 15:36:48.429: [INFO][SyncEngineBackend::DoStartConfiguration] Start configuration
2026-06-07 15:36:48.429: [INFO][SyncManagerImpl::ConfigureSyncer] Types to download:  with reason: 4
2026-06-07 15:36:48.429: [INFO][SyncEngineBackend::DoFinishConfigureDataTypes] Failed to download types:  and succeeded types: 
2026-06-07 15:36:48.432: [INFO][Sync] ConfigurationDone, failed: , succeeded: , remaining count: 4
2026-06-07 15:36:48.432: [INFO][SyncManagerImpl::ConfigureSyncer] Types to download:  with reason: 4
2026-06-07 15:36:48.432: [INFO][SyncEngineBackend::DoFinishConfigureDataTypes] Failed to download types:  and succeeded types: 
2026-06-07 15:36:48.432: [INFO][Sync] ConfigurationDone, failed: , succeeded: , remaining count: 3
2026-06-07 15:36:48.432: [INFO][SyncManagerImpl::ConfigureSyncer] Types to download:  with reason: 4
2026-06-07 15:36:48.432: [INFO][SyncEngineBackend::DoFinishConfigureDataTypes] Failed to download types:  and succeeded types: 
2026-06-07 15:36:48.436: [INFO][Sync] ConfigurationDone, failed: , succeeded: , remaining count: 2
2026-06-07 15:36:48.436: [INFO][SyncManagerImpl::ConfigureSyncer] Types to download:  with reason: 4
2026-06-07 15:36:48.436: [INFO][SyncEngineBackend::DoFinishConfigureDataTypes] Failed to download types:  and succeeded types: 
2026-06-07 15:36:48.436: [INFO][Sync] ConfigurationDone, failed: , succeeded: , remaining count: 1
2026-06-07 15:36:48.438: [INFO][SyncManagerImpl::ConfigureSyncer] Types to download:  with reason: 4
2026-06-07 15:36:48.438: [INFO][SyncEngineBackend::DoFinishConfigureDataTypes] Failed to download types:  and succeeded types: 
2026-06-07 15:36:48.439: [INFO][Sync] ConfigurationDone, failed: , succeeded: , remaining count: 0
2026-06-07 15:36:48.441: [INFO][Sync]     Configuration completed, state: 3
2026-06-07 15:36:48.441: [INFO][Sync] Configured DataTypeManager: Ok
2026-06-07 15:36:48.445: [INFO][SyncEngineBackend::DoStartSyncing] Start syncing
2026-06-07 15:36:48.453: [INFO][SyncAuthManager::SetLastAuthError] Current auth error: None
2026-06-07 15:36:48.453: [INFO][SyncAuthManager::EdgeLogTokenErrorState] Token error with: None for account type: MSA
2026-06-07 15:36:48.453: [INFO][Sync] Credentials changed for: EdgeSyncKeyDataScope
2026-06-07 15:36:49.279: [INFO][SyncAuthManager::SetLastAuthError] Current auth error: None
2026-06-07 15:36:49.279: [INFO][SyncAuthManager::EdgeLogTokenErrorState] Token error with: None for account type: MSA
2026-06-07 15:36:49.279: [INFO][Sync] Credentials changed for: EdgeSyncScopeNew
2026-06-07 15:36:49.362: [INFO][SyncEngineBackend::DoUpdateKeyDataCredentials] Update key data credentials
2026-06-07 15:36:49.624: [INFO][Sync] Connection status changed to: 2
2026-06-07 15:36:49.624: [INFO][SyncEngineBackend::DoUpdateCredentials] Update credentials
2026-06-07 15:36:49.624: [INFO][SyncEngineBackend::DoUpdateKeyDataCredentials] Update key data credentials
2026-06-07 15:36:51.164: [INFO][Sync] Connection status changed to: 2
2026-06-07 15:36:51.521: [INFO][SyncAuthManager::SetLastAuthError] Current auth error: None
2026-06-07 15:36:51.521: [INFO][SyncAuthManager::EdgeLogTokenErrorState] Token error with: None for account type: MSA
2026-06-07 15:36:51.521: [INFO][Sync] Credentials changed for: EdgeSyncKeyDataScope
2026-06-07 15:36:51.521: [INFO][SyncEngineBackend::DoUpdateKeyDataCredentials] Update key data credentials
2026-06-07 15:36:51.627: [INFO][SyncAuthManager::SetLastAuthError] Current auth error: None
2026-06-07 15:36:51.627: [INFO][SyncAuthManager::EdgeLogTokenErrorState] Token error with: None for account type: MSA
2026-06-07 15:36:51.627: [INFO][Sync] Credentials changed for: EdgeSyncScopeNew
2026-06-07 15:36:51.627: [INFO][SyncEngineBackend::DoUpdateCredentials] Update credentials
2026-06-07 15:36:51.627: [INFO][SyncEngineBackend::DoUpdateKeyDataCredentials] Update key data credentials
2026-06-07 15:36:52.856: [INFO][Sync] Connection status changed to: 2
2026-06-07 15:36:56.407: [INFO][SyncAuthManager::SetLastAuthError] Current auth error: None
2026-06-07 15:36:56.407: [INFO][SyncAuthManager::EdgeLogTokenErrorState] Token error with: None for account type: MSA
2026-06-07 15:36:56.407: [INFO][Sync] Credentials changed for: EdgeSyncScopeNew
2026-06-07 15:36:56.423: [INFO][SyncAuthManager::SetLastAuthError] Current auth error: None
2026-06-07 15:36:56.423: [INFO][SyncAuthManager::EdgeLogTokenErrorState] Token error with: None for account type: MSA
2026-06-07 15:36:56.423: [INFO][Sync] Credentials changed for: EdgeSyncKeyDataScope
2026-06-07 15:36:56.423: [INFO][SyncEngineBackend::DoUpdateKeyDataCredentials] Update key data credentials
2026-06-07 15:36:56.423: [INFO][SyncEngineBackend::DoUpdateCredentials] Update credentials
2026-06-07 15:36:57.695: [INFO][Sync] Connection status changed to: 2
2026-06-07 15:37:04.625: [INFO][SyncAuthManager::SetLastAuthError] Current auth error: None
2026-06-07 15:37:04.625: [INFO][SyncAuthManager::EdgeLogTokenErrorState] Token error with: None for account type: MSA
2026-06-07 15:37:04.625: [INFO][Sync] Credentials changed for: EdgeSyncKeyDataScope
2026-06-07 15:37:04.626: [INFO][SyncEngineBackend::DoUpdateKeyDataCredentials] Update key data credentials
2026-06-07 15:37:04.952: [INFO][SyncAuthManager::SetLastAuthError] Current auth error: None
2026-06-07 15:37:04.952: [INFO][SyncAuthManager::EdgeLogTokenErrorState] Token error with: None for account type: MSA
2026-06-07 15:37:04.952: [INFO][Sync] Credentials changed for: EdgeSyncScopeNew
2026-06-07 15:37:04.952: [INFO][SyncEngineBackend::DoUpdateCredentials] Update credentials
2026-06-07 15:37:04.952: [INFO][SyncEngineBackend::DoUpdateKeyDataCredentials] Update key data credentials
2026-06-07 15:37:05.947: [INFO][Sync] Connection status changed to: 2
2026-06-07 15:37:21.097: [INFO][SyncAuthManager::SetLastAuthError] Current auth error: None
2026-06-07 15:37:21.097: [INFO][SyncAuthManager::EdgeLogTokenErrorState] Token error with: None for account type: MSA
2026-06-07 15:37:21.097: [INFO][Sync] Credentials changed for: EdgeSyncKeyDataScope
2026-06-07 15:37:21.097: [INFO][SyncEngineBackend::DoUpdateKeyDataCredentials] Update key data credentials
2026-06-07 15:37:21.532: [INFO][SyncAuthManager::SetLastAuthError] Current auth error: None
2026-06-07 15:37:21.532: [INFO][SyncAuthManager::EdgeLogTokenErrorState] Token error with: None for account type: MSA
2026-06-07 15:37:21.532: [INFO][Sync] Credentials changed for: EdgeSyncScopeNew
2026-06-07 15:37:21.532: [INFO][SyncEngineBackend::DoUpdateCredentials] Update credentials
2026-06-07 15:37:21.532: [INFO][SyncEngineBackend::DoUpdateKeyDataCredentials] Update key data credentials
2026-06-07 15:37:22.381: [INFO][Sync] Connection status changed to: 2
2026-06-07 15:37:49.265: [INFO][SyncAuthManager::SetLastAuthError] Current auth error: None
2026-06-07 15:37:49.265: [INFO][SyncAuthManager::EdgeLogTokenErrorState] Token error with: None for account type: MSA
2026-06-07 15:37:49.265: [INFO][Sync] Credentials changed for: EdgeSyncScopeNew
2026-06-07 15:37:51.345: [INFO][SyncAuthManager::SetLastAuthError] Current auth error: None
2026-06-07 15:37:51.345: [INFO][SyncAuthManager::EdgeLogTokenErrorState] Token error with: None for account type: MSA
2026-06-07 15:37:51.345: [INFO][Sync] Credentials changed for: EdgeSyncKeyDataScope
2026-06-07 15:37:51.346: [INFO][SyncEngineBackend::DoUpdateKeyDataCredentials] Update key data credentials
2026-06-07 15:37:51.346: [INFO][SyncEngineBackend::DoUpdateCredentials] Update credentials
2026-06-07 15:37:52.621: [INFO][Sync] Started DataTypeManager configuration, reason: 5
2026-06-07 15:37:52.621: [INFO][Sync] Configuring for: Bookmarks, Preferences, Passwords, Autofill Profiles, Autofill, Extensions, Sessions, Extension settings, History Delete Directives, Device Info, User Consents, Send Tab To Self, Web Apps, History, Saved Tab Group, WebAuthn Credentials, Edge E Drop, Edge Hub App Usage, Edge Wallet, Edge Workspace, Encryption Keys, reason: 5, current state: 3
2026-06-07 15:37:52.621: [INFO][SyncEngineBackend::DoStartConfiguration] Start configuration
2026-06-07 15:37:52.623: [INFO][Sync] Configure, desired: Bookmarks, Preferences, Passwords, Autofill Profiles, Autofill, Extensions, Sessions, Extension settings, History Delete Directives, Device Info, User Consents, Send Tab To Self, Web Apps, History, Saved Tab Group, WebAuthn Credentials, Edge E Drop, Edge Hub App Usage, Edge Wallet, Edge Workspace, Encryption Keys; Allow fail: 
2026-06-07 15:37:52.623: [INFO][Sync] Loading: Passwords
2026-06-07 15:37:52.623: [INFO][Sync] Loading: Autofill Profiles
2026-06-07 15:37:52.623: [INFO][Sync] Loading: Autofill
2026-06-07 15:37:52.626: [INFO][Sync] All data types are ready for configure.
2026-06-07 15:37:52.626: [INFO][SyncManagerImpl::NudgeForInitialDownload] Initial download nudge for Passwords
2026-06-07 15:37:52.626: [INFO][SyncManagerImpl::ConfigureSyncer] Types to download:  with reason: 5
2026-06-07 15:37:52.626: [INFO][SyncEngineBackend::DoFinishConfigureDataTypes] Failed to download types:  and succeeded types: 
2026-06-07 15:37:52.626: [INFO][Sync] ConfigurationDone, failed: , succeeded: , remaining count: 4
2026-06-07 15:37:52.626: [INFO][Sync] Prepare to configure types: Passwords, Encryption Keys
2026-06-07 15:37:52.626: [INFO][SyncManagerImpl::ConfigureSyncer] Types to download: Passwords, Encryption Keys with reason: 5
2026-06-07 15:37:52.626: [INFO][SyncSchedulerImpl::DoConfigurationSyncCycleJob] Blocked types:  and types to download: Passwords, Encryption Keys
2026-06-07 15:37:52.951: [INFO][SyncEngineBackend::DoFinishConfigureDataTypes] Failed to download types:  and succeeded types: Passwords, Encryption Keys
2026-06-07 15:37:52.954: [INFO][Sync] ConfigurationDone, failed: , succeeded: Passwords, Encryption Keys, remaining count: 3
2026-06-07 15:37:52.954: [INFO][SyncManagerImpl::ConfigureSyncer] Types to download:  with reason: 5
2026-06-07 15:37:52.954: [INFO][SyncEngineBackend::DoFinishConfigureDataTypes] Failed to download types:  and succeeded types: 
2026-06-07 15:37:52.954: [INFO][Sync] ConfigurationDone, failed: , succeeded: , remaining count: 2
2026-06-07 15:37:52.954: [INFO][SyncManagerImpl::ConfigureSyncer] Types to download:  with reason: 5
2026-06-07 15:37:52.954: [INFO][SyncEngineBackend::DoFinishConfigureDataTypes] Failed to download types:  and succeeded types: 
2026-06-07 15:37:52.957: [INFO][Sync] ConfigurationDone, failed: , succeeded: , remaining count: 1
2026-06-07 15:37:52.960: [INFO][SyncManagerImpl::ConfigureSyncer] Types to download:  with reason: 5
2026-06-07 15:37:52.960: [INFO][SyncEngineBackend::DoFinishConfigureDataTypes] Failed to download types:  and succeeded types: 
2026-06-07 15:37:52.960: [INFO][Sync] ConfigurationDone, failed: , succeeded: , remaining count: 0
2026-06-07 15:37:52.962: [INFO][Sync]     Configuration completed, state: 3
2026-06-07 15:37:52.963: [INFO][Sync] Configured DataTypeManager: Ok
2026-06-07 15:37:52.965: [INFO][SyncEngineBackend::DoStartSyncing] Start syncing
2026-06-07 15:37:59.066: [INFO][Sync] Reset engine, reason: 0
2026-06-07 15:37:59.066: [INFO][Sync] Reset engine with reason: 0
